[35m[1mConsolidate compiler generated dependencies of target robomas_plugins__rosidl_generator_c[0m
[  2%] Built target robomas_plugins__cpp
[ 12%] Built target robomas_plugins__rosidl_generator_c
[ 12%] Built target ament_cmake_python_copy_robomas_plugins
[35m[1mConsolidate compiler generated dependencies of target robomas_plugins__rosidl_typesupport_cpp[0m
[35m[1mConsolidate compiler generated dependencies of target robomas_plugins__rosidl_typesupport_fastrtps_cpp[0m
[35m[1mConsolidate compiler generated dependencies of target robomas_plugins__rosidl_typesupport_introspection_cpp[0m
[35m[1mConsolidate compiler generated dependencies of target robomas_plugins__rosidl_typesupport_introspection_c[0m
[35m[1mConsolidate compiler generated dependencies of target robomas_plugins__rosidl_typesupport_c[0m
[35m[1mConsolidate compiler generated dependencies of target robomas_plugins__rosidl_typesupport_fastrtps_c[0m
[ 22%] Built target robomas_plugins__rosidl_typesupport_fastrtps_cpp
[ 32%] Built target robomas_plugins__rosidl_typesupport_cpp
[ 42%] Built target robomas_plugins__rosidl_typesupport_introspection_cpp
[ 53%] Built target robomas_plugins__rosidl_typesupport_introspection_c
[ 63%] Built target robomas_plugins__rosidl_typesupport_c
[ 73%] Built target robomas_plugins__rosidl_typesupport_fastrtps_c
[35m[1mConsolidate compiler generated dependencies of target robomas_bridge[0m
[ 73%] Built target robomas_plugins
[ 77%] Built target robomas_bridge
[ 79%] Built target robomas_plugins__py
[35m[1mConsolidate compiler generated dependencies of target robomas_plugins__rosidl_generator_py[0m
[ 87%] Built target robomas_plugins__rosidl_generator_py
[35m[1mConsolidate compiler generated dependencies of target robomas_plugins__rosidl_typesupport_introspection_c__pyext[0m
[35m[1mConsolidate compiler generated dependencies of target robomas_plugins__rosidl_typesupport_c__pyext[0m
[35m[1mConsolidate compiler generated dependencies of target robomas_plugins__rosidl_typesupport_fastrtps_c__pyext[0m
[ 95%] Built target robomas_plugins__rosidl_typesupport_c__pyext
[ 95%] Built target robomas_plugins__rosidl_typesupport_introspection_c__pyext
[100%] Built target robomas_plugins__rosidl_typesupport_fastrtps_c__pyext
running egg_info
writing robomas_plugins.egg-info/PKG-INFO
writing dependency_links to robomas_plugins.egg-info/dependency_links.txt
writing top-level names to robomas_plugins.egg-info/top_level.txt
reading manifest file 'robomas_plugins.egg-info/SOURCES.txt'
writing manifest file 'robomas_plugins.egg-info/SOURCES.txt'
[100%] Built target ament_cmake_python_build_robomas_plugins_egg
-- Install configuration: ""
-- Up-to-date: /home/mihiro/chibarobo-2024/install/robomas_plugins/share/ament_index/resource_index/rosidl_interfaces/robomas_plugins
-- Up-to-date: /home/mihiro/chibarobo-2024/install/robomas_plugins/include/robomas_plugins/robomas_plugins
-- Up-to-date: /home/mihiro/chibarobo-2024/install/robomas_plugins/include/robomas_plugins/robomas_plugins/msg
-- Up-to-date: /home/mihiro/chibarobo-2024/install/robomas_plugins/include/robomas_plugins/robomas_plugins/msg/robomas_target.h
-- Up-to-date: /home/mihiro/chibarobo-2024/install/robomas_plugins/include/robomas_plugins/robomas_plugins/msg/rosidl_generator_c__visibility_control.h
-- Up-to-date: /home/mihiro/chibarobo-2024/install/robomas_plugins/include/robomas_plugins/robomas_plugins/msg/frame.h
-- Up-to-date: /home/mihiro/chibarobo-2024/install/robomas_plugins/include/robomas_plugins/robomas_plugins/msg/detail
-- Up-to-date: /home/mihiro/chibarobo-2024/install/robomas_plugins/include/robomas_plugins/robomas_plugins/msg/detail/frame__struct.h
-- Up-to-date: /home/mihiro/chibarobo-2024/install/robomas_plugins/include/robomas_plugins/robomas_plugins/msg/detail/robomas_target__functions.h
-- Up-to-date: /home/mihiro/chibarobo-2024/install/robomas_plugins/include/robomas_plugins/robomas_plugins/msg/detail/frame__functions.h
-- Up-to-date: /home/mihiro/chibarobo-2024/install/robomas_plugins/include/robomas_plugins/robomas_plugins/msg/detail/robomas_target__type_support.h
-- Up-to-date: /home/mihiro/chibarobo-2024/install/robomas_plugins/include/robomas_plugins/robomas_plugins/msg/detail/robomas_frame__type_support.h
-- Up-to-date: /home/mihiro/chibarobo-2024/install/robomas_plugins/include/robomas_plugins/robomas_plugins/msg/detail/robomas_frame__functions.h
-- Up-to-date: /home/mihiro/chibarobo-2024/install/robomas_plugins/include/robomas_plugins/robomas_plugins/msg/detail/robomas_target__struct.h
-- Up-to-date: /home/mihiro/chibarobo-2024/install/robomas_plugins/include/robomas_plugins/robomas_plugins/msg/detail/robomas_frame__functions.c
-- Up-to-date: /home/mihiro/chibarobo-2024/install/robomas_plugins/include/robomas_plugins/robomas_plugins/msg/detail/frame__functions.c
-- Up-to-date: /home/mihiro/chibarobo-2024/install/robomas_plugins/include/robomas_plugins/robomas_plugins/msg/detail/robomas_frame__struct.h
-- Up-to-date: /home/mihiro/chibarobo-2024/install/robomas_plugins/include/robomas_plugins/robomas_plugins/msg/detail/robomas_target__functions.c
-- Up-to-date: /home/mihiro/chibarobo-2024/install/robomas_plugins/include/robomas_plugins/robomas_plugins/msg/detail/frame__type_support.h
-- Up-to-date: /home/mihiro/chibarobo-2024/install/robomas_plugins/include/robomas_plugins/robomas_plugins/msg/robomas_frame.h
-- Up-to-date: /home/mihiro/chibarobo-2024/install/robomas_plugins/share/robomas_plugins/environment/library_path.sh
-- Up-to-date: /home/mihiro/chibarobo-2024/install/robomas_plugins/share/robomas_plugins/environment/library_path.dsv
-- Up-to-date: /home/mihiro/chibarobo-2024/install/robomas_plugins/lib/librobomas_plugins__rosidl_generator_c.so
-- Up-to-date: /home/mihiro/chibarobo-2024/install/robomas_plugins/include/robomas_plugins/robomas_plugins
-- Up-to-date: /home/mihiro/chibarobo-2024/install/robomas_plugins/include/robomas_plugins/robomas_plugins/msg
-- Up-to-date: /home/mihiro/chibarobo-2024/install/robomas_plugins/include/robomas_plugins/robomas_plugins/msg/rosidl_typesupport_fastrtps_c__visibility_control.h
-- Up-to-date: /home/mihiro/chibarobo-2024/install/robomas_plugins/include/robomas_plugins/robomas_plugins/msg/detail
-- Up-to-date: /home/mihiro/chibarobo-2024/install/robomas_plugins/include/robomas_plugins/robomas_plugins/msg/detail/robomas_frame__rosidl_typesupport_fastrtps_c.h
-- Up-to-date: /home/mihiro/chibarobo-2024/install/robomas_plugins/include/robomas_plugins/robomas_plugins/msg/detail/frame__rosidl_typesupport_fastrtps_c.h
-- Up-to-date: /home/mihiro/chibarobo-2024/install/robomas_plugins/include/robomas_plugins/robomas_plugins/msg/detail/robomas_target__rosidl_typesupport_fastrtps_c.h
-- Up-to-date: /home/mihiro/chibarobo-2024/install/robomas_plugins/lib/librobomas_plugins__rosidl_typesupport_fastrtps_c.so
-- Up-to-date: /home/mihiro/chibarobo-2024/install/robomas_plugins/include/robomas_plugins/robomas_plugins
-- Up-to-date: /home/mihiro/chibarobo-2024/install/robomas_plugins/include/robomas_plugins/robomas_plugins/msg
-- Up-to-date: /home/mihiro/chibarobo-2024/install/robomas_plugins/include/robomas_plugins/robomas_plugins/msg/frame.hpp
-- Up-to-date: /home/mihiro/chibarobo-2024/install/robomas_plugins/include/robomas_plugins/robomas_plugins/msg/robomas_frame.hpp
-- Up-to-date: /home/mihiro/chibarobo-2024/install/robomas_plugins/include/robomas_plugins/robomas_plugins/msg/robomas_target.hpp
-- Up-to-date: /home/mihiro/chibarobo-2024/install/robomas_plugins/include/robomas_plugins/robomas_plugins/msg/detail
-- Up-to-date: /home/mihiro/chibarobo-2024/install/robomas_plugins/include/robomas_plugins/robomas_plugins/msg/detail/robomas_frame__builder.hpp
-- Up-to-date: /home/mihiro/chibarobo-2024/install/robomas_plugins/include/robomas_plugins/robomas_plugins/msg/detail/robomas_target__struct.hpp
-- Up-to-date: /home/mihiro/chibarobo-2024/install/robomas_plugins/include/robomas_plugins/robomas_plugins/msg/detail/robomas_target__traits.hpp
-- Up-to-date: /home/mihiro/chibarobo-2024/install/robomas_plugins/include/robomas_plugins/robomas_plugins/msg/detail/frame__traits.hpp
-- Up-to-date: /home/mihiro/chibarobo-2024/install/robomas_plugins/include/robomas_plugins/robomas_plugins/msg/detail/robomas_frame__traits.hpp
-- Up-to-date: /home/mihiro/chibarobo-2024/install/robomas_plugins/include/robomas_plugins/robomas_plugins/msg/detail/robomas_target__builder.hpp
-- Up-to-date: /home/mihiro/chibarobo-2024/install/robomas_plugins/include/robomas_plugins/robomas_plugins/msg/detail/frame__builder.hpp
-- Up-to-date: /home/mihiro/chibarobo-2024/install/robomas_plugins/include/robomas_plugins/robomas_plugins/msg/detail/robomas_frame__struct.hpp
-- Up-to-date: /home/mihiro/chibarobo-2024/install/robomas_plugins/include/robomas_plugins/robomas_plugins/msg/detail/frame__struct.hpp
-- Up-to-date: /home/mihiro/chibarobo-2024/install/robomas_plugins/include/robomas_plugins/robomas_plugins
-- Up-to-date: /home/mihiro/chibarobo-2024/install/robomas_plugins/include/robomas_plugins/robomas_plugins/msg
-- Up-to-date: /home/mihiro/chibarobo-2024/install/robomas_plugins/include/robomas_plugins/robomas_plugins/msg/rosidl_typesupport_fastrtps_cpp__visibility_control.h
-- Up-to-date: /home/mihiro/chibarobo-2024/install/robomas_plugins/include/robomas_plugins/robomas_plugins/msg/detail
-- Up-to-date: /home/mihiro/chibarobo-2024/install/robomas_plugins/include/robomas_plugins/robomas_plugins/msg/detail/robomas_target__rosidl_typesupport_fastrtps_cpp.hpp
-- Up-to-date: /home/mihiro/chibarobo-2024/install/robomas_plugins/include/robomas_plugins/robomas_plugins/msg/detail/robomas_frame__rosidl_typesupport_fastrtps_cpp.hpp
-- Up-to-date: /home/mihiro/chibarobo-2024/install/robomas_plugins/include/robomas_plugins/robomas_plugins/msg/detail/frame__rosidl_typesupport_fastrtps_cpp.hpp
-- Up-to-date: /home/mihiro/chibarobo-2024/install/robomas_plugins/include/robomas_plugins/robomas_plugins/msg/detail/dds_fastrtps
-- Up-to-date: /home/mihiro/chibarobo-2024/install/robomas_plugins/lib/librobomas_plugins__rosidl_typesupport_fastrtps_cpp.so
-- Up-to-date: /home/mihiro/chibarobo-2024/install/robomas_plugins/include/robomas_plugins/robomas_plugins
-- Up-to-date: /home/mihiro/chibarobo-2024/install/robomas_plugins/include/robomas_plugins/robomas_plugins/msg
-- Up-to-date: /home/mihiro/chibarobo-2024/install/robomas_plugins/include/robomas_plugins/robomas_plugins/msg/rosidl_typesupport_introspection_c__visibility_control.h
-- Up-to-date: /home/mihiro/chibarobo-2024/install/robomas_plugins/include/robomas_plugins/robomas_plugins/msg/detail
-- Up-to-date: /home/mihiro/chibarobo-2024/install/robomas_plugins/include/robomas_plugins/robomas_plugins/msg/detail/robomas_target__rosidl_typesupport_introspection_c.h
-- Up-to-date: /home/mihiro/chibarobo-2024/install/robomas_plugins/include/robomas_plugins/robomas_plugins/msg/detail/frame__type_support.c
-- Up-to-date: /home/mihiro/chibarobo-2024/install/robomas_plugins/include/robomas_plugins/robomas_plugins/msg/detail/frame__rosidl_typesupport_introspection_c.h
-- Up-to-date: /home/mihiro/chibarobo-2024/install/robomas_plugins/include/robomas_plugins/robomas_plugins/msg/detail/robomas_frame__rosidl_typesupport_introspection_c.h
-- Up-to-date: /home/mihiro/chibarobo-2024/install/robomas_plugins/include/robomas_plugins/robomas_plugins/msg/detail/robomas_target__type_support.c
-- Up-to-date: /home/mihiro/chibarobo-2024/install/robomas_plugins/include/robomas_plugins/robomas_plugins/msg/detail/robomas_frame__type_support.c
-- Up-to-date: /home/mihiro/chibarobo-2024/install/robomas_plugins/lib/librobomas_plugins__rosidl_typesupport_introspection_c.so
-- Up-to-date: /home/mihiro/chibarobo-2024/install/robomas_plugins/lib/librobomas_plugins__rosidl_typesupport_c.so
-- Up-to-date: /home/mihiro/chibarobo-2024/install/robomas_plugins/include/robomas_plugins/robomas_plugins
-- Up-to-date: /home/mihiro/chibarobo-2024/install/robomas_plugins/include/robomas_plugins/robomas_plugins/msg
-- Up-to-date: /home/mihiro/chibarobo-2024/install/robomas_plugins/include/robomas_plugins/robomas_plugins/msg/detail
-- Up-to-date: /home/mihiro/chibarobo-2024/install/robomas_plugins/include/robomas_plugins/robomas_plugins/msg/detail/frame__type_support.cpp
-- Up-to-date: /home/mihiro/chibarobo-2024/install/robomas_plugins/include/robomas_plugins/robomas_plugins/msg/detail/robomas_frame__type_support.cpp
-- Up-to-date: /home/mihiro/chibarobo-2024/install/robomas_plugins/include/robomas_plugins/robomas_plugins/msg/detail/frame__rosidl_typesupport_introspection_cpp.hpp
-- Up-to-date: /home/mihiro/chibarobo-2024/install/robomas_plugins/include/robomas_plugins/robomas_plugins/msg/detail/robomas_target__rosidl_typesupport_introspection_cpp.hpp
-- Up-to-date: /home/mihiro/chibarobo-2024/install/robomas_plugins/include/robomas_plugins/robomas_plugins/msg/detail/robomas_frame__rosidl_typesupport_introspection_cpp.hpp
-- Up-to-date: /home/mihiro/chibarobo-2024/install/robomas_plugins/include/robomas_plugins/robomas_plugins/msg/detail/robomas_target__type_support.cpp
-- Up-to-date: /home/mihiro/chibarobo-2024/install/robomas_plugins/lib/librobomas_plugins__rosidl_typesupport_introspection_cpp.so
-- Up-to-date: /home/mihiro/chibarobo-2024/install/robomas_plugins/lib/librobomas_plugins__rosidl_typesupport_cpp.so
-- Up-to-date: /home/mihiro/chibarobo-2024/install/robomas_plugins/share/robomas_plugins/environment/pythonpath.sh
-- Up-to-date: /home/mihiro/chibarobo-2024/install/robomas_plugins/share/robomas_plugins/environment/pythonpath.dsv
-- Up-to-date: /home/mihiro/chibarobo-2024/install/robomas_plugins/local/lib/python3.10/dist-packages/robomas_plugins-0.0.1-py3.10.egg-info
-- Installing: /home/mihiro/chibarobo-2024/install/robomas_plugins/local/lib/python3.10/dist-packages/robomas_plugins-0.0.1-py3.10.egg-info/dependency_links.txt
-- Installing: /home/mihiro/chibarobo-2024/install/robomas_plugins/local/lib/python3.10/dist-packages/robomas_plugins-0.0.1-py3.10.egg-info/top_level.txt
-- Installing: /home/mihiro/chibarobo-2024/install/robomas_plugins/local/lib/python3.10/dist-packages/robomas_plugins-0.0.1-py3.10.egg-info/SOURCES.txt
-- Installing: /home/mihiro/chibarobo-2024/install/robomas_plugins/local/lib/python3.10/dist-packages/robomas_plugins-0.0.1-py3.10.egg-info/PKG-INFO
-- Up-to-date: /home/mihiro/chibarobo-2024/install/robomas_plugins/local/lib/python3.10/dist-packages/robomas_plugins
-- Up-to-date: /home/mihiro/chibarobo-2024/install/robomas_plugins/local/lib/python3.10/dist-packages/robomas_plugins/robomas_plugins_s__rosidl_typesupport_fastrtps_c.cpython-310-x86_64-linux-gnu.so
-- Up-to-date: /home/mihiro/chibarobo-2024/install/robomas_plugins/local/lib/python3.10/dist-packages/robomas_plugins/_robomas_plugins_s.ep.rosidl_typesupport_fastrtps_c.c
-- Up-to-date: /home/mihiro/chibarobo-2024/install/robomas_plugins/local/lib/python3.10/dist-packages/robomas_plugins/robomas_plugins_s__rosidl_typesupport_introspection_c.cpython-310-x86_64-linux-gnu.so
-- Up-to-date: /home/mihiro/chibarobo-2024/install/robomas_plugins/local/lib/python3.10/dist-packages/robomas_plugins/robomas_plugins_s__rosidl_typesupport_c.cpython-310-x86_64-linux-gnu.so
-- Up-to-date: /home/mihiro/chibarobo-2024/install/robomas_plugins/local/lib/python3.10/dist-packages/robomas_plugins/_robomas_plugins_s.ep.rosidl_typesupport_introspection_c.c
-- Up-to-date: /home/mihiro/chibarobo-2024/install/robomas_plugins/local/lib/python3.10/dist-packages/robomas_plugins/__init__.py
-- Up-to-date: /home/mihiro/chibarobo-2024/install/robomas_plugins/local/lib/python3.10/dist-packages/robomas_plugins/_robomas_plugins_s.ep.rosidl_typesupport_c.c
-- Up-to-date: /home/mihiro/chibarobo-2024/install/robomas_plugins/local/lib/python3.10/dist-packages/robomas_plugins/msg
-- Up-to-date: /home/mihiro/chibarobo-2024/install/robomas_plugins/local/lib/python3.10/dist-packages/robomas_plugins/msg/_robomas_frame_s.c
-- Up-to-date: /home/mihiro/chibarobo-2024/install/robomas_plugins/local/lib/python3.10/dist-packages/robomas_plugins/msg/_robomas_target_s.c
-- Up-to-date: /home/mihiro/chibarobo-2024/install/robomas_plugins/local/lib/python3.10/dist-packages/robomas_plugins/msg/_robomas_target.py
-- Up-to-date: /home/mihiro/chibarobo-2024/install/robomas_plugins/local/lib/python3.10/dist-packages/robomas_plugins/msg/_frame.py
-- Up-to-date: /home/mihiro/chibarobo-2024/install/robomas_plugins/local/lib/python3.10/dist-packages/robomas_plugins/msg/_robomas_frame.py
-- Up-to-date: /home/mihiro/chibarobo-2024/install/robomas_plugins/local/lib/python3.10/dist-packages/robomas_plugins/msg/_frame_s.c
-- Up-to-date: /home/mihiro/chibarobo-2024/install/robomas_plugins/local/lib/python3.10/dist-packages/robomas_plugins/msg/__init__.py
-- Up-to-date: /home/mihiro/chibarobo-2024/install/robomas_plugins/local/lib/python3.10/dist-packages/robomas_plugins/librobomas_plugins__rosidl_generator_py.so
Listing '/home/mihiro/chibarobo-2024/install/robomas_plugins/local/lib/python3.10/dist-packages/robomas_plugins'...
Listing '/home/mihiro/chibarobo-2024/install/robomas_plugins/local/lib/python3.10/dist-packages/robomas_plugins/msg'...
-- Up-to-date: /home/mihiro/chibarobo-2024/install/robomas_plugins/local/lib/python3.10/dist-packages/robomas_plugins/robomas_plugins_s__rosidl_typesupport_fastrtps_c.cpython-310-x86_64-linux-gnu.so
-- Up-to-date: /home/mihiro/chibarobo-2024/install/robomas_plugins/local/lib/python3.10/dist-packages/robomas_plugins/robomas_plugins_s__rosidl_typesupport_introspection_c.cpython-310-x86_64-linux-gnu.so
-- Up-to-date: /home/mihiro/chibarobo-2024/install/robomas_plugins/local/lib/python3.10/dist-packages/robomas_plugins/robomas_plugins_s__rosidl_typesupport_c.cpython-310-x86_64-linux-gnu.so
-- Up-to-date: /home/mihiro/chibarobo-2024/install/robomas_plugins/lib/librobomas_plugins__rosidl_generator_py.so
-- Up-to-date: /home/mihiro/chibarobo-2024/install/robomas_plugins/share/robomas_plugins/msg/Frame.idl
-- Up-to-date: /home/mihiro/chibarobo-2024/install/robomas_plugins/share/robomas_plugins/msg/RobomasFrame.idl
-- Up-to-date: /home/mihiro/chibarobo-2024/install/robomas_plugins/share/robomas_plugins/msg/RobomasTarget.idl
-- Up-to-date: /home/mihiro/chibarobo-2024/install/robomas_plugins/share/robomas_plugins/msg/Frame.msg
-- Up-to-date: /home/mihiro/chibarobo-2024/install/robomas_plugins/share/robomas_plugins/msg/RobomasFrame.msg
-- Up-to-date: /home/mihiro/chibarobo-2024/install/robomas_plugins/share/robomas_plugins/msg/RobomasTarget.msg
-- Up-to-date: /home/mihiro/chibarobo-2024/install/robomas_plugins/include
-- Up-to-date: /home/mihiro/chibarobo-2024/install/robomas_plugins/include/robomas_plugins
-- Up-to-date: /home/mihiro/chibarobo-2024/install/robomas_plugins/include/robomas_plugins/robomas_bridge.hpp
-- Up-to-date: /home/mihiro/chibarobo-2024/install/robomas_plugins/include/robomas_plugins/test.hpp
-- Up-to-date: /home/mihiro/chibarobo-2024/install/robomas_plugins/include/robomas_plugins/cobs.hpp
-- Up-to-date: /home/mihiro/chibarobo-2024/install/robomas_plugins/include/robomas_plugins/can_utils.hpp
-- Up-to-date: /home/mihiro/chibarobo-2024/install/robomas_plugins/lib/librobomas_bridge.so
-- Up-to-date: /home/mihiro/chibarobo-2024/install/robomas_plugins/share/robomas_plugins/launch
-- Up-to-date: /home/mihiro/chibarobo-2024/install/robomas_plugins/share/robomas_plugins/launch/robomas_bridge_launch.xml
-- Up-to-date: /home/mihiro/chibarobo-2024/install/robomas_plugins/share/ament_index/resource_index/package_run_dependencies/robomas_plugins
-- Up-to-date: /home/mihiro/chibarobo-2024/install/robomas_plugins/share/ament_index/resource_index/parent_prefix_path/robomas_plugins
-- Up-to-date: /home/mihiro/chibarobo-2024/install/robomas_plugins/share/robomas_plugins/environment/ament_prefix_path.sh
-- Up-to-date: /home/mihiro/chibarobo-2024/install/robomas_plugins/share/robomas_plugins/environment/ament_prefix_path.dsv
-- Up-to-date: /home/mihiro/chibarobo-2024/install/robomas_plugins/share/robomas_plugins/environment/path.sh
-- Up-to-date: /home/mihiro/chibarobo-2024/install/robomas_plugins/share/robomas_plugins/environment/path.dsv
-- Up-to-date: /home/mihiro/chibarobo-2024/install/robomas_plugins/share/robomas_plugins/local_setup.bash
-- Up-to-date: /home/mihiro/chibarobo-2024/install/robomas_plugins/share/robomas_plugins/local_setup.sh
-- Up-to-date: /home/mihiro/chibarobo-2024/install/robomas_plugins/share/robomas_plugins/local_setup.zsh
-- Up-to-date: /home/mihiro/chibarobo-2024/install/robomas_plugins/share/robomas_plugins/local_setup.dsv
-- Installing: /home/mihiro/chibarobo-2024/install/robomas_plugins/share/robomas_plugins/package.dsv
-- Up-to-date: /home/mihiro/chibarobo-2024/install/robomas_plugins/share/ament_index/resource_index/packages/robomas_plugins
-- Up-to-date: /home/mihiro/chibarobo-2024/install/robomas_plugins/share/robomas_plugins/cmake/export_robomas_plugins__rosidl_generator_cExport.cmake
-- Up-to-date: /home/mihiro/chibarobo-2024/install/robomas_plugins/share/robomas_plugins/cmake/export_robomas_plugins__rosidl_generator_cExport-noconfig.cmake
-- Up-to-date: /home/mihiro/chibarobo-2024/install/robomas_plugins/share/robomas_plugins/cmake/export_robomas_plugins__rosidl_typesupport_fastrtps_cExport.cmake
-- Up-to-date: /home/mihiro/chibarobo-2024/install/robomas_plugins/share/robomas_plugins/cmake/export_robomas_plugins__rosidl_typesupport_fastrtps_cExport-noconfig.cmake
-- Up-to-date: /home/mihiro/chibarobo-2024/install/robomas_plugins/share/robomas_plugins/cmake/export_robomas_plugins__rosidl_generator_cppExport.cmake
-- Up-to-date: /home/mihiro/chibarobo-2024/install/robomas_plugins/share/robomas_plugins/cmake/export_robomas_plugins__rosidl_typesupport_fastrtps_cppExport.cmake
-- Up-to-date: /home/mihiro/chibarobo-2024/install/robomas_plugins/share/robomas_plugins/cmake/export_robomas_plugins__rosidl_typesupport_fastrtps_cppExport-noconfig.cmake
-- Up-to-date: /home/mihiro/chibarobo-2024/install/robomas_plugins/share/robomas_plugins/cmake/robomas_plugins__rosidl_typesupport_introspection_cExport.cmake
-- Up-to-date: /home/mihiro/chibarobo-2024/install/robomas_plugins/share/robomas_plugins/cmake/robomas_plugins__rosidl_typesupport_introspection_cExport-noconfig.cmake
-- Up-to-date: /home/mihiro/chibarobo-2024/install/robomas_plugins/share/robomas_plugins/cmake/robomas_plugins__rosidl_typesupport_cExport.cmake
-- Up-to-date: /home/mihiro/chibarobo-2024/install/robomas_plugins/share/robomas_plugins/cmake/robomas_plugins__rosidl_typesupport_cExport-noconfig.cmake
-- Up-to-date: /home/mihiro/chibarobo-2024/install/robomas_plugins/share/robomas_plugins/cmake/robomas_plugins__rosidl_typesupport_introspection_cppExport.cmake
-- Up-to-date: /home/mihiro/chibarobo-2024/install/robomas_plugins/share/robomas_plugins/cmake/robomas_plugins__rosidl_typesupport_introspection_cppExport-noconfig.cmake
-- Up-to-date: /home/mihiro/chibarobo-2024/install/robomas_plugins/share/robomas_plugins/cmake/robomas_plugins__rosidl_typesupport_cppExport.cmake
-- Up-to-date: /home/mihiro/chibarobo-2024/install/robomas_plugins/share/robomas_plugins/cmake/robomas_plugins__rosidl_typesupport_cppExport-noconfig.cmake
-- Up-to-date: /home/mihiro/chibarobo-2024/install/robomas_plugins/share/robomas_plugins/cmake/export_robomas_plugins__rosidl_generator_pyExport.cmake
-- Up-to-date: /home/mihiro/chibarobo-2024/install/robomas_plugins/share/robomas_plugins/cmake/export_robomas_plugins__rosidl_generator_pyExport-noconfig.cmake
-- Up-to-date: /home/mihiro/chibarobo-2024/install/robomas_plugins/share/ament_index/resource_index/rclcpp_components/robomas_plugins
-- Up-to-date: /home/mihiro/chibarobo-2024/install/robomas_plugins/share/robomas_plugins/cmake/rosidl_cmake-extras.cmake
-- Up-to-date: /home/mihiro/chibarobo-2024/install/robomas_plugins/share/robomas_plugins/cmake/ament_cmake_export_dependencies-extras.cmake
-- Up-to-date: /home/mihiro/chibarobo-2024/install/robomas_plugins/share/robomas_plugins/cmake/ament_cmake_export_include_directories-extras.cmake
-- Up-to-date: /home/mihiro/chibarobo-2024/install/robomas_plugins/share/robomas_plugins/cmake/ament_cmake_export_libraries-extras.cmake
-- Up-to-date: /home/mihiro/chibarobo-2024/install/robomas_plugins/share/robomas_plugins/cmake/ament_cmake_export_targets-extras.cmake
-- Up-to-date: /home/mihiro/chibarobo-2024/install/robomas_plugins/share/robomas_plugins/cmake/rosidl_cmake_export_typesupport_targets-extras.cmake
-- Up-to-date: /home/mihiro/chibarobo-2024/install/robomas_plugins/share/robomas_plugins/cmake/rosidl_cmake_export_typesupport_libraries-extras.cmake
-- Up-to-date: /home/mihiro/chibarobo-2024/install/robomas_plugins/share/robomas_plugins/cmake/robomas_pluginsConfig.cmake
-- Up-to-date: /home/mihiro/chibarobo-2024/install/robomas_plugins/share/robomas_plugins/cmake/robomas_pluginsConfig-version.cmake
-- Up-to-date: /home/mihiro/chibarobo-2024/install/robomas_plugins/share/robomas_plugins/package.xml
