[0.097s] Invoking command in '/home/mihiro/chibarobo-2024/build/robomas_plugins': CMAKE_PREFIX_PATH=/opt/ros/humble /usr/bin/cmake --build /home/mihiro/chibarobo-2024/build/robomas_plugins -- -j16 -l16
[0.283s] [35m[1mConsolidate compiler generated dependencies of target robomas_plugins__rosidl_generator_c[0m
[0.291s] [  2%] Built target robomas_plugins__cpp
[0.307s] [ 12%] Built target robomas_plugins__rosidl_generator_c
[0.321s] [ 12%] Built target ament_cmake_python_copy_robomas_plugins
[0.322s] [35m[1mConsolidate compiler generated dependencies of target robomas_plugins__rosidl_typesupport_cpp[0m
[0.327s] [35m[1mConsolidate compiler generated dependencies of target robomas_plugins__rosidl_typesupport_fastrtps_cpp[0m
[0.330s] [35m[1mConsolidate compiler generated dependencies of target robomas_plugins__rosidl_typesupport_introspection_cpp[0m
[0.342s] [35m[1mConsolidate compiler generated dependencies of target robomas_plugins__rosidl_typesupport_introspection_c[0m
[0.345s] [35m[1mConsolidate compiler generated dependencies of target robomas_plugins__rosidl_typesupport_c[0m
[0.345s] [35m[1mConsolidate compiler generated dependencies of target robomas_plugins__rosidl_typesupport_fastrtps_c[0m
[0.360s] [ 22%] Built target robomas_plugins__rosidl_typesupport_fastrtps_cpp
[0.361s] [ 32%] Built target robomas_plugins__rosidl_typesupport_cpp
[0.365s] [ 42%] Built target robomas_plugins__rosidl_typesupport_introspection_cpp
[0.372s] [ 53%] Built target robomas_plugins__rosidl_typesupport_introspection_c
[0.373s] [ 63%] Built target robomas_plugins__rosidl_typesupport_c
[0.379s] [ 73%] Built target robomas_plugins__rosidl_typesupport_fastrtps_c
[0.393s] [35m[1mConsolidate compiler generated dependencies of target robomas_bridge[0m
[0.425s] [ 73%] Built target robomas_plugins
[0.446s] [ 77%] Built target robomas_bridge
[0.484s] [ 79%] Built target robomas_plugins__py
[0.513s] [35m[1mConsolidate compiler generated dependencies of target robomas_plugins__rosidl_generator_py[0m
[0.539s] [ 87%] Built target robomas_plugins__rosidl_generator_py
[0.566s] [35m[1mConsolidate compiler generated dependencies of target robomas_plugins__rosidl_typesupport_introspection_c__pyext[0m
[0.566s] [35m[1mConsolidate compiler generated dependencies of target robomas_plugins__rosidl_typesupport_c__pyext[0m
[0.568s] [35m[1mConsolidate compiler generated dependencies of target robomas_plugins__rosidl_typesupport_fastrtps_c__pyext[0m
[0.591s] [ 95%] Built target robomas_plugins__rosidl_typesupport_c__pyext
[0.592s] [ 95%] Built target robomas_plugins__rosidl_typesupport_introspection_c__pyext
[0.596s] [100%] Built target robomas_plugins__rosidl_typesupport_fastrtps_c__pyext
[0.853s] running egg_info
[0.855s] writing robomas_plugins.egg-info/PKG-INFO
[0.855s] writing dependency_links to robomas_plugins.egg-info/dependency_links.txt
[0.855s] writing top-level names to robomas_plugins.egg-info/top_level.txt
[0.865s] reading manifest file 'robomas_plugins.egg-info/SOURCES.txt'
[0.869s] writing manifest file 'robomas_plugins.egg-info/SOURCES.txt'
[0.918s] [100%] Built target ament_cmake_python_build_robomas_plugins_egg
[0.945s] Invoked command in '/home/mihiro/chibarobo-2024/build/robomas_plugins' returned '0': CMAKE_PREFIX_PATH=/opt/ros/humble /usr/bin/cmake --build /home/mihiro/chibarobo-2024/build/robomas_plugins -- -j16 -l16
[1.206s] Invoking command in '/home/mihiro/chibarobo-2024/build/robomas_plugins': CMAKE_PREFIX_PATH=/opt/ros/humble /usr/bin/cmake --install /home/mihiro/chibarobo-2024/build/robomas_plugins
[1.220s] -- Install configuration: ""
[1.222s] -- Up-to-date: /home/mihiro/chibarobo-2024/install/robomas_plugins/share/ament_index/resource_index/rosidl_interfaces/robomas_plugins
[1.222s] -- Up-to-date: /home/mihiro/chibarobo-2024/install/robomas_plugins/include/robomas_plugins/robomas_plugins
[1.223s] -- Up-to-date: /home/mihiro/chibarobo-2024/install/robomas_plugins/include/robomas_plugins/robomas_plugins/msg
[1.223s] -- Up-to-date: /home/mihiro/chibarobo-2024/install/robomas_plugins/include/robomas_plugins/robomas_plugins/msg/robomas_target.h
[1.224s] -- Up-to-date: /home/mihiro/chibarobo-2024/install/robomas_plugins/include/robomas_plugins/robomas_plugins/msg/rosidl_generator_c__visibility_control.h
[1.224s] -- Up-to-date: /home/mihiro/chibarobo-2024/install/robomas_plugins/include/robomas_plugins/robomas_plugins/msg/frame.h
[1.224s] -- Up-to-date: /home/mihiro/chibarobo-2024/install/robomas_plugins/include/robomas_plugins/robomas_plugins/msg/detail
[1.224s] -- Up-to-date: /home/mihiro/chibarobo-2024/install/robomas_plugins/include/robomas_plugins/robomas_plugins/msg/detail/frame__struct.h
[1.224s] -- Up-to-date: /home/mihiro/chibarobo-2024/install/robomas_plugins/include/robomas_plugins/robomas_plugins/msg/detail/robomas_target__functions.h
[1.224s] -- Up-to-date: /home/mihiro/chibarobo-2024/install/robomas_plugins/include/robomas_plugins/robomas_plugins/msg/detail/frame__functions.h
[1.224s] -- Up-to-date: /home/mihiro/chibarobo-2024/install/robomas_plugins/include/robomas_plugins/robomas_plugins/msg/detail/robomas_target__type_support.h
[1.225s] -- Up-to-date: /home/mihiro/chibarobo-2024/install/robomas_plugins/include/robomas_plugins/robomas_plugins/msg/detail/robomas_frame__type_support.h
[1.225s] -- Up-to-date: /home/mihiro/chibarobo-2024/install/robomas_plugins/include/robomas_plugins/robomas_plugins/msg/detail/robomas_frame__functions.h
[1.225s] -- Up-to-date: /home/mihiro/chibarobo-2024/install/robomas_plugins/include/robomas_plugins/robomas_plugins/msg/detail/robomas_target__struct.h
[1.225s] -- Up-to-date: /home/mihiro/chibarobo-2024/install/robomas_plugins/include/robomas_plugins/robomas_plugins/msg/detail/robomas_frame__functions.c
[1.225s] -- Up-to-date: /home/mihiro/chibarobo-2024/install/robomas_plugins/include/robomas_plugins/robomas_plugins/msg/detail/frame__functions.c
[1.225s] -- Up-to-date: /home/mihiro/chibarobo-2024/install/robomas_plugins/include/robomas_plugins/robomas_plugins/msg/detail/robomas_frame__struct.h
[1.225s] -- Up-to-date: /home/mihiro/chibarobo-2024/install/robomas_plugins/include/robomas_plugins/robomas_plugins/msg/detail/robomas_target__functions.c
[1.225s] -- Up-to-date: /home/mihiro/chibarobo-2024/install/robomas_plugins/include/robomas_plugins/robomas_plugins/msg/detail/frame__type_support.h
[1.225s] -- Up-to-date: /home/mihiro/chibarobo-2024/install/robomas_plugins/include/robomas_plugins/robomas_plugins/msg/robomas_frame.h
[1.226s] -- Up-to-date: /home/mihiro/chibarobo-2024/install/robomas_plugins/share/robomas_plugins/environment/library_path.sh
[1.226s] -- Up-to-date: /home/mihiro/chibarobo-2024/install/robomas_plugins/share/robomas_plugins/environment/library_path.dsv
[1.229s] -- Up-to-date: /home/mihiro/chibarobo-2024/install/robomas_plugins/lib/librobomas_plugins__rosidl_generator_c.so
[1.230s] -- Up-to-date: /home/mihiro/chibarobo-2024/install/robomas_plugins/include/robomas_plugins/robomas_plugins
[1.230s] -- Up-to-date: /home/mihiro/chibarobo-2024/install/robomas_plugins/include/robomas_plugins/robomas_plugins/msg
[1.230s] -- Up-to-date: /home/mihiro/chibarobo-2024/install/robomas_plugins/include/robomas_plugins/robomas_plugins/msg/rosidl_typesupport_fastrtps_c__visibility_control.h
[1.230s] -- Up-to-date: /home/mihiro/chibarobo-2024/install/robomas_plugins/include/robomas_plugins/robomas_plugins/msg/detail
[1.231s] -- Up-to-date: /home/mihiro/chibarobo-2024/install/robomas_plugins/include/robomas_plugins/robomas_plugins/msg/detail/robomas_frame__rosidl_typesupport_fastrtps_c.h
[1.232s] -- Up-to-date: /home/mihiro/chibarobo-2024/install/robomas_plugins/include/robomas_plugins/robomas_plugins/msg/detail/frame__rosidl_typesupport_fastrtps_c.h
[1.234s] -- Up-to-date: /home/mihiro/chibarobo-2024/install/robomas_plugins/include/robomas_plugins/robomas_plugins/msg/detail/robomas_target__rosidl_typesupport_fastrtps_c.h
[1.236s] -- Up-to-date: /home/mihiro/chibarobo-2024/install/robomas_plugins/lib/librobomas_plugins__rosidl_typesupport_fastrtps_c.so
[1.236s] -- Up-to-date: /home/mihiro/chibarobo-2024/install/robomas_plugins/include/robomas_plugins/robomas_plugins
[1.236s] -- Up-to-date: /home/mihiro/chibarobo-2024/install/robomas_plugins/include/robomas_plugins/robomas_plugins/msg
[1.237s] -- Up-to-date: /home/mihiro/chibarobo-2024/install/robomas_plugins/include/robomas_plugins/robomas_plugins/msg/frame.hpp
[1.237s] -- Up-to-date: /home/mihiro/chibarobo-2024/install/robomas_plugins/include/robomas_plugins/robomas_plugins/msg/robomas_frame.hpp
[1.237s] -- Up-to-date: /home/mihiro/chibarobo-2024/install/robomas_plugins/include/robomas_plugins/robomas_plugins/msg/robomas_target.hpp
[1.237s] -- Up-to-date: /home/mihiro/chibarobo-2024/install/robomas_plugins/include/robomas_plugins/robomas_plugins/msg/detail
[1.237s] -- Up-to-date: /home/mihiro/chibarobo-2024/install/robomas_plugins/include/robomas_plugins/robomas_plugins/msg/detail/robomas_frame__builder.hpp
[1.238s] -- Up-to-date: /home/mihiro/chibarobo-2024/install/robomas_plugins/include/robomas_plugins/robomas_plugins/msg/detail/robomas_target__struct.hpp
[1.238s] -- Up-to-date: /home/mihiro/chibarobo-2024/install/robomas_plugins/include/robomas_plugins/robomas_plugins/msg/detail/robomas_target__traits.hpp
[1.238s] -- Up-to-date: /home/mihiro/chibarobo-2024/install/robomas_plugins/include/robomas_plugins/robomas_plugins/msg/detail/frame__traits.hpp
[1.241s] -- Up-to-date: /home/mihiro/chibarobo-2024/install/robomas_plugins/include/robomas_plugins/robomas_plugins/msg/detail/robomas_frame__traits.hpp
[1.241s] -- Up-to-date: /home/mihiro/chibarobo-2024/install/robomas_plugins/include/robomas_plugins/robomas_plugins/msg/detail/robomas_target__builder.hpp
[1.241s] -- Up-to-date: /home/mihiro/chibarobo-2024/install/robomas_plugins/include/robomas_plugins/robomas_plugins/msg/detail/frame__builder.hpp
[1.241s] -- Up-to-date: /home/mihiro/chibarobo-2024/install/robomas_plugins/include/robomas_plugins/robomas_plugins/msg/detail/robomas_frame__struct.hpp
[1.241s] -- Up-to-date: /home/mihiro/chibarobo-2024/install/robomas_plugins/include/robomas_plugins/robomas_plugins/msg/detail/frame__struct.hpp
[1.242s] -- Up-to-date: /home/mihiro/chibarobo-2024/install/robomas_plugins/include/robomas_plugins/robomas_plugins
[1.242s] -- Up-to-date: /home/mihiro/chibarobo-2024/install/robomas_plugins/include/robomas_plugins/robomas_plugins/msg
[1.242s] -- Up-to-date: /home/mihiro/chibarobo-2024/install/robomas_plugins/include/robomas_plugins/robomas_plugins/msg/rosidl_typesupport_fastrtps_cpp__visibility_control.h
[1.242s] -- Up-to-date: /home/mihiro/chibarobo-2024/install/robomas_plugins/include/robomas_plugins/robomas_plugins/msg/detail
[1.242s] -- Up-to-date: /home/mihiro/chibarobo-2024/install/robomas_plugins/include/robomas_plugins/robomas_plugins/msg/detail/robomas_target__rosidl_typesupport_fastrtps_cpp.hpp
[1.242s] -- Up-to-date: /home/mihiro/chibarobo-2024/install/robomas_plugins/include/robomas_plugins/robomas_plugins/msg/detail/robomas_frame__rosidl_typesupport_fastrtps_cpp.hpp
[1.243s] -- Up-to-date: /home/mihiro/chibarobo-2024/install/robomas_plugins/include/robomas_plugins/robomas_plugins/msg/detail/frame__rosidl_typesupport_fastrtps_cpp.hpp
[1.243s] -- Up-to-date: /home/mihiro/chibarobo-2024/install/robomas_plugins/include/robomas_plugins/robomas_plugins/msg/detail/dds_fastrtps
[1.243s] -- Up-to-date: /home/mihiro/chibarobo-2024/install/robomas_plugins/lib/librobomas_plugins__rosidl_typesupport_fastrtps_cpp.so
[1.243s] -- Up-to-date: /home/mihiro/chibarobo-2024/install/robomas_plugins/include/robomas_plugins/robomas_plugins
[1.243s] -- Up-to-date: /home/mihiro/chibarobo-2024/install/robomas_plugins/include/robomas_plugins/robomas_plugins/msg
[1.243s] -- Up-to-date: /home/mihiro/chibarobo-2024/install/robomas_plugins/include/robomas_plugins/robomas_plugins/msg/rosidl_typesupport_introspection_c__visibility_control.h
[1.243s] -- Up-to-date: /home/mihiro/chibarobo-2024/install/robomas_plugins/include/robomas_plugins/robomas_plugins/msg/detail
[1.243s] -- Up-to-date: /home/mihiro/chibarobo-2024/install/robomas_plugins/include/robomas_plugins/robomas_plugins/msg/detail/robomas_target__rosidl_typesupport_introspection_c.h
[1.244s] -- Up-to-date: /home/mihiro/chibarobo-2024/install/robomas_plugins/include/robomas_plugins/robomas_plugins/msg/detail/frame__type_support.c
[1.244s] -- Up-to-date: /home/mihiro/chibarobo-2024/install/robomas_plugins/include/robomas_plugins/robomas_plugins/msg/detail/frame__rosidl_typesupport_introspection_c.h
[1.244s] -- Up-to-date: /home/mihiro/chibarobo-2024/install/robomas_plugins/include/robomas_plugins/robomas_plugins/msg/detail/robomas_frame__rosidl_typesupport_introspection_c.h
[1.244s] -- Up-to-date: /home/mihiro/chibarobo-2024/install/robomas_plugins/include/robomas_plugins/robomas_plugins/msg/detail/robomas_target__type_support.c
[1.244s] -- Up-to-date: /home/mihiro/chibarobo-2024/install/robomas_plugins/include/robomas_plugins/robomas_plugins/msg/detail/robomas_frame__type_support.c
[1.245s] -- Up-to-date: /home/mihiro/chibarobo-2024/install/robomas_plugins/lib/librobomas_plugins__rosidl_typesupport_introspection_c.so
[1.248s] -- Up-to-date: /home/mihiro/chibarobo-2024/install/robomas_plugins/lib/librobomas_plugins__rosidl_typesupport_c.so
[1.249s] -- Up-to-date: /home/mihiro/chibarobo-2024/install/robomas_plugins/include/robomas_plugins/robomas_plugins
[1.250s] -- Up-to-date: /home/mihiro/chibarobo-2024/install/robomas_plugins/include/robomas_plugins/robomas_plugins/msg
[1.250s] -- Up-to-date: /home/mihiro/chibarobo-2024/install/robomas_plugins/include/robomas_plugins/robomas_plugins/msg/detail
[1.250s] -- Up-to-date: /home/mihiro/chibarobo-2024/install/robomas_plugins/include/robomas_plugins/robomas_plugins/msg/detail/frame__type_support.cpp
[1.251s] -- Up-to-date: /home/mihiro/chibarobo-2024/install/robomas_plugins/include/robomas_plugins/robomas_plugins/msg/detail/robomas_frame__type_support.cpp
[1.251s] -- Up-to-date: /home/mihiro/chibarobo-2024/install/robomas_plugins/include/robomas_plugins/robomas_plugins/msg/detail/frame__rosidl_typesupport_introspection_cpp.hpp
[1.251s] -- Up-to-date: /home/mihiro/chibarobo-2024/install/robomas_plugins/include/robomas_plugins/robomas_plugins/msg/detail/robomas_target__rosidl_typesupport_introspection_cpp.hpp
[1.251s] -- Up-to-date: /home/mihiro/chibarobo-2024/install/robomas_plugins/include/robomas_plugins/robomas_plugins/msg/detail/robomas_frame__rosidl_typesupport_introspection_cpp.hpp
[1.251s] -- Up-to-date: /home/mihiro/chibarobo-2024/install/robomas_plugins/include/robomas_plugins/robomas_plugins/msg/detail/robomas_target__type_support.cpp
[1.254s] -- Up-to-date: /home/mihiro/chibarobo-2024/install/robomas_plugins/lib/librobomas_plugins__rosidl_typesupport_introspection_cpp.so
[1.258s] -- Up-to-date: /home/mihiro/chibarobo-2024/install/robomas_plugins/lib/librobomas_plugins__rosidl_typesupport_cpp.so
[1.259s] -- Up-to-date: /home/mihiro/chibarobo-2024/install/robomas_plugins/share/robomas_plugins/environment/pythonpath.sh
[1.260s] -- Up-to-date: /home/mihiro/chibarobo-2024/install/robomas_plugins/share/robomas_plugins/environment/pythonpath.dsv
[1.261s] -- Up-to-date: /home/mihiro/chibarobo-2024/install/robomas_plugins/local/lib/python3.10/dist-packages/robomas_plugins-0.0.1-py3.10.egg-info
[1.262s] -- Installing: /home/mihiro/chibarobo-2024/install/robomas_plugins/local/lib/python3.10/dist-packages/robomas_plugins-0.0.1-py3.10.egg-info/dependency_links.txt
[1.262s] -- Installing: /home/mihiro/chibarobo-2024/install/robomas_plugins/local/lib/python3.10/dist-packages/robomas_plugins-0.0.1-py3.10.egg-info/top_level.txt
[1.263s] -- Installing: /home/mihiro/chibarobo-2024/install/robomas_plugins/local/lib/python3.10/dist-packages/robomas_plugins-0.0.1-py3.10.egg-info/SOURCES.txt
[1.263s] -- Installing: /home/mihiro/chibarobo-2024/install/robomas_plugins/local/lib/python3.10/dist-packages/robomas_plugins-0.0.1-py3.10.egg-info/PKG-INFO
[1.263s] -- Up-to-date: /home/mihiro/chibarobo-2024/install/robomas_plugins/local/lib/python3.10/dist-packages/robomas_plugins
[1.263s] -- Up-to-date: /home/mihiro/chibarobo-2024/install/robomas_plugins/local/lib/python3.10/dist-packages/robomas_plugins/robomas_plugins_s__rosidl_typesupport_fastrtps_c.cpython-310-x86_64-linux-gnu.so
[1.263s] -- Up-to-date: /home/mihiro/chibarobo-2024/install/robomas_plugins/local/lib/python3.10/dist-packages/robomas_plugins/_robomas_plugins_s.ep.rosidl_typesupport_fastrtps_c.c
[1.263s] -- Up-to-date: /home/mihiro/chibarobo-2024/install/robomas_plugins/local/lib/python3.10/dist-packages/robomas_plugins/robomas_plugins_s__rosidl_typesupport_introspection_c.cpython-310-x86_64-linux-gnu.so
[1.263s] -- Up-to-date: /home/mihiro/chibarobo-2024/install/robomas_plugins/local/lib/python3.10/dist-packages/robomas_plugins/robomas_plugins_s__rosidl_typesupport_c.cpython-310-x86_64-linux-gnu.so
[1.263s] -- Up-to-date: /home/mihiro/chibarobo-2024/install/robomas_plugins/local/lib/python3.10/dist-packages/robomas_plugins/_robomas_plugins_s.ep.rosidl_typesupport_introspection_c.c
[1.263s] -- Up-to-date: /home/mihiro/chibarobo-2024/install/robomas_plugins/local/lib/python3.10/dist-packages/robomas_plugins/__init__.py
[1.263s] -- Up-to-date: /home/mihiro/chibarobo-2024/install/robomas_plugins/local/lib/python3.10/dist-packages/robomas_plugins/_robomas_plugins_s.ep.rosidl_typesupport_c.c
[1.264s] -- Up-to-date: /home/mihiro/chibarobo-2024/install/robomas_plugins/local/lib/python3.10/dist-packages/robomas_plugins/msg
[1.264s] -- Up-to-date: /home/mihiro/chibarobo-2024/install/robomas_plugins/local/lib/python3.10/dist-packages/robomas_plugins/msg/_robomas_frame_s.c
[1.264s] -- Up-to-date: /home/mihiro/chibarobo-2024/install/robomas_plugins/local/lib/python3.10/dist-packages/robomas_plugins/msg/_robomas_target_s.c
[1.264s] -- Up-to-date: /home/mihiro/chibarobo-2024/install/robomas_plugins/local/lib/python3.10/dist-packages/robomas_plugins/msg/_robomas_target.py
[1.264s] -- Up-to-date: /home/mihiro/chibarobo-2024/install/robomas_plugins/local/lib/python3.10/dist-packages/robomas_plugins/msg/_frame.py
[1.264s] -- Up-to-date: /home/mihiro/chibarobo-2024/install/robomas_plugins/local/lib/python3.10/dist-packages/robomas_plugins/msg/_robomas_frame.py
[1.264s] -- Up-to-date: /home/mihiro/chibarobo-2024/install/robomas_plugins/local/lib/python3.10/dist-packages/robomas_plugins/msg/_frame_s.c
[1.264s] -- Up-to-date: /home/mihiro/chibarobo-2024/install/robomas_plugins/local/lib/python3.10/dist-packages/robomas_plugins/msg/__init__.py
[1.264s] -- Up-to-date: /home/mihiro/chibarobo-2024/install/robomas_plugins/local/lib/python3.10/dist-packages/robomas_plugins/librobomas_plugins__rosidl_generator_py.so
[1.334s] Listing '/home/mihiro/chibarobo-2024/install/robomas_plugins/local/lib/python3.10/dist-packages/robomas_plugins'...
[1.334s] Listing '/home/mihiro/chibarobo-2024/install/robomas_plugins/local/lib/python3.10/dist-packages/robomas_plugins/msg'...
[1.348s] -- Up-to-date: /home/mihiro/chibarobo-2024/install/robomas_plugins/local/lib/python3.10/dist-packages/robomas_plugins/robomas_plugins_s__rosidl_typesupport_fastrtps_c.cpython-310-x86_64-linux-gnu.so
[1.352s] -- Up-to-date: /home/mihiro/chibarobo-2024/install/robomas_plugins/local/lib/python3.10/dist-packages/robomas_plugins/robomas_plugins_s__rosidl_typesupport_introspection_c.cpython-310-x86_64-linux-gnu.so
[1.357s] -- Up-to-date: /home/mihiro/chibarobo-2024/install/robomas_plugins/local/lib/python3.10/dist-packages/robomas_plugins/robomas_plugins_s__rosidl_typesupport_c.cpython-310-x86_64-linux-gnu.so
[1.361s] -- Up-to-date: /home/mihiro/chibarobo-2024/install/robomas_plugins/lib/librobomas_plugins__rosidl_generator_py.so
[1.361s] -- Up-to-date: /home/mihiro/chibarobo-2024/install/robomas_plugins/share/robomas_plugins/msg/Frame.idl
[1.362s] -- Up-to-date: /home/mihiro/chibarobo-2024/install/robomas_plugins/share/robomas_plugins/msg/RobomasFrame.idl
[1.363s] -- Up-to-date: /home/mihiro/chibarobo-2024/install/robomas_plugins/share/robomas_plugins/msg/RobomasTarget.idl
[1.363s] -- Up-to-date: /home/mihiro/chibarobo-2024/install/robomas_plugins/share/robomas_plugins/msg/Frame.msg
[1.364s] -- Up-to-date: /home/mihiro/chibarobo-2024/install/robomas_plugins/share/robomas_plugins/msg/RobomasFrame.msg
[1.364s] -- Up-to-date: /home/mihiro/chibarobo-2024/install/robomas_plugins/share/robomas_plugins/msg/RobomasTarget.msg
[1.365s] -- Up-to-date: /home/mihiro/chibarobo-2024/install/robomas_plugins/include
[1.365s] -- Up-to-date: /home/mihiro/chibarobo-2024/install/robomas_plugins/include/robomas_plugins
[1.365s] -- Up-to-date: /home/mihiro/chibarobo-2024/install/robomas_plugins/include/robomas_plugins/robomas_bridge.hpp
[1.365s] -- Up-to-date: /home/mihiro/chibarobo-2024/install/robomas_plugins/include/robomas_plugins/test.hpp
[1.365s] -- Up-to-date: /home/mihiro/chibarobo-2024/install/robomas_plugins/include/robomas_plugins/cobs.hpp
[1.365s] -- Up-to-date: /home/mihiro/chibarobo-2024/install/robomas_plugins/include/robomas_plugins/can_utils.hpp
[1.367s] -- Up-to-date: /home/mihiro/chibarobo-2024/install/robomas_plugins/lib/librobomas_bridge.so
[1.368s] -- Up-to-date: /home/mihiro/chibarobo-2024/install/robomas_plugins/share/robomas_plugins/launch
[1.368s] -- Up-to-date: /home/mihiro/chibarobo-2024/install/robomas_plugins/share/robomas_plugins/launch/robomas_bridge_launch.xml
[1.369s] -- Up-to-date: /home/mihiro/chibarobo-2024/install/robomas_plugins/share/ament_index/resource_index/package_run_dependencies/robomas_plugins
[1.369s] -- Up-to-date: /home/mihiro/chibarobo-2024/install/robomas_plugins/share/ament_index/resource_index/parent_prefix_path/robomas_plugins
[1.370s] -- Up-to-date: /home/mihiro/chibarobo-2024/install/robomas_plugins/share/robomas_plugins/environment/ament_prefix_path.sh
[1.370s] -- Up-to-date: /home/mihiro/chibarobo-2024/install/robomas_plugins/share/robomas_plugins/environment/ament_prefix_path.dsv
[1.370s] -- Up-to-date: /home/mihiro/chibarobo-2024/install/robomas_plugins/share/robomas_plugins/environment/path.sh
[1.370s] -- Up-to-date: /home/mihiro/chibarobo-2024/install/robomas_plugins/share/robomas_plugins/environment/path.dsv
[1.370s] -- Up-to-date: /home/mihiro/chibarobo-2024/install/robomas_plugins/share/robomas_plugins/local_setup.bash
[1.370s] -- Up-to-date: /home/mihiro/chibarobo-2024/install/robomas_plugins/share/robomas_plugins/local_setup.sh
[1.370s] -- Up-to-date: /home/mihiro/chibarobo-2024/install/robomas_plugins/share/robomas_plugins/local_setup.zsh
[1.370s] -- Up-to-date: /home/mihiro/chibarobo-2024/install/robomas_plugins/share/robomas_plugins/local_setup.dsv
[1.371s] -- Installing: /home/mihiro/chibarobo-2024/install/robomas_plugins/share/robomas_plugins/package.dsv
[1.371s] -- Up-to-date: /home/mihiro/chibarobo-2024/install/robomas_plugins/share/ament_index/resource_index/packages/robomas_plugins
[1.372s] -- Up-to-date: /home/mihiro/chibarobo-2024/install/robomas_plugins/share/robomas_plugins/cmake/export_robomas_plugins__rosidl_generator_cExport.cmake
[1.372s] -- Up-to-date: /home/mihiro/chibarobo-2024/install/robomas_plugins/share/robomas_plugins/cmake/export_robomas_plugins__rosidl_generator_cExport-noconfig.cmake
[1.375s] -- Up-to-date: /home/mihiro/chibarobo-2024/install/robomas_plugins/share/robomas_plugins/cmake/export_robomas_plugins__rosidl_typesupport_fastrtps_cExport.cmake
[1.375s] -- Up-to-date: /home/mihiro/chibarobo-2024/install/robomas_plugins/share/robomas_plugins/cmake/export_robomas_plugins__rosidl_typesupport_fastrtps_cExport-noconfig.cmake
[1.377s] -- Up-to-date: /home/mihiro/chibarobo-2024/install/robomas_plugins/share/robomas_plugins/cmake/export_robomas_plugins__rosidl_generator_cppExport.cmake
[1.379s] -- Up-to-date: /home/mihiro/chibarobo-2024/install/robomas_plugins/share/robomas_plugins/cmake/export_robomas_plugins__rosidl_typesupport_fastrtps_cppExport.cmake
[1.379s] -- Up-to-date: /home/mihiro/chibarobo-2024/install/robomas_plugins/share/robomas_plugins/cmake/export_robomas_plugins__rosidl_typesupport_fastrtps_cppExport-noconfig.cmake
[1.381s] -- Up-to-date: /home/mihiro/chibarobo-2024/install/robomas_plugins/share/robomas_plugins/cmake/robomas_plugins__rosidl_typesupport_introspection_cExport.cmake
[1.382s] -- Up-to-date: /home/mihiro/chibarobo-2024/install/robomas_plugins/share/robomas_plugins/cmake/robomas_plugins__rosidl_typesupport_introspection_cExport-noconfig.cmake
[1.385s] -- Up-to-date: /home/mihiro/chibarobo-2024/install/robomas_plugins/share/robomas_plugins/cmake/robomas_plugins__rosidl_typesupport_cExport.cmake
[1.385s] -- Up-to-date: /home/mihiro/chibarobo-2024/install/robomas_plugins/share/robomas_plugins/cmake/robomas_plugins__rosidl_typesupport_cExport-noconfig.cmake
[1.388s] -- Up-to-date: /home/mihiro/chibarobo-2024/install/robomas_plugins/share/robomas_plugins/cmake/robomas_plugins__rosidl_typesupport_introspection_cppExport.cmake
[1.389s] -- Up-to-date: /home/mihiro/chibarobo-2024/install/robomas_plugins/share/robomas_plugins/cmake/robomas_plugins__rosidl_typesupport_introspection_cppExport-noconfig.cmake
[1.390s] -- Up-to-date: /home/mihiro/chibarobo-2024/install/robomas_plugins/share/robomas_plugins/cmake/robomas_plugins__rosidl_typesupport_cppExport.cmake
[1.390s] -- Up-to-date: /home/mihiro/chibarobo-2024/install/robomas_plugins/share/robomas_plugins/cmake/robomas_plugins__rosidl_typesupport_cppExport-noconfig.cmake
[1.393s] -- Up-to-date: /home/mihiro/chibarobo-2024/install/robomas_plugins/share/robomas_plugins/cmake/export_robomas_plugins__rosidl_generator_pyExport.cmake
[1.393s] -- Up-to-date: /home/mihiro/chibarobo-2024/install/robomas_plugins/share/robomas_plugins/cmake/export_robomas_plugins__rosidl_generator_pyExport-noconfig.cmake
[1.394s] -- Up-to-date: /home/mihiro/chibarobo-2024/install/robomas_plugins/share/ament_index/resource_index/rclcpp_components/robomas_plugins
[1.395s] -- Up-to-date: /home/mihiro/chibarobo-2024/install/robomas_plugins/share/robomas_plugins/cmake/rosidl_cmake-extras.cmake
[1.396s] -- Up-to-date: /home/mihiro/chibarobo-2024/install/robomas_plugins/share/robomas_plugins/cmake/ament_cmake_export_dependencies-extras.cmake
[1.396s] -- Up-to-date: /home/mihiro/chibarobo-2024/install/robomas_plugins/share/robomas_plugins/cmake/ament_cmake_export_include_directories-extras.cmake
[1.396s] -- Up-to-date: /home/mihiro/chibarobo-2024/install/robomas_plugins/share/robomas_plugins/cmake/ament_cmake_export_libraries-extras.cmake
[1.397s] -- Up-to-date: /home/mihiro/chibarobo-2024/install/robomas_plugins/share/robomas_plugins/cmake/ament_cmake_export_targets-extras.cmake
[1.397s] -- Up-to-date: /home/mihiro/chibarobo-2024/install/robomas_plugins/share/robomas_plugins/cmake/rosidl_cmake_export_typesupport_targets-extras.cmake
[1.397s] -- Up-to-date: /home/mihiro/chibarobo-2024/install/robomas_plugins/share/robomas_plugins/cmake/rosidl_cmake_export_typesupport_libraries-extras.cmake
[1.397s] -- Up-to-date: /home/mihiro/chibarobo-2024/install/robomas_plugins/share/robomas_plugins/cmake/robomas_pluginsConfig.cmake
[1.397s] -- Up-to-date: /home/mihiro/chibarobo-2024/install/robomas_plugins/share/robomas_plugins/cmake/robomas_pluginsConfig-version.cmake
[1.397s] -- Up-to-date: /home/mihiro/chibarobo-2024/install/robomas_plugins/share/robomas_plugins/package.xml
[1.406s] Invoked command in '/home/mihiro/chibarobo-2024/build/robomas_plugins' returned '0': CMAKE_PREFIX_PATH=/opt/ros/humble /usr/bin/cmake --install /home/mihiro/chibarobo-2024/build/robomas_plugins
