[0.109s] Invoking command in '/home/mihiro/chibarobo-2024/build/R1_undercarriage': AMENT_PREFIX_PATH=/home/mihiro/chibarobo-2024/install/robomas_plugins:${AMENT_PREFIX_PATH} CMAKE_PREFIX_PATH=/home/mihiro/chibarobo-2024/install/robomas_plugins:/opt/ros/humble LD_LIBRARY_PATH=/home/mihiro/chibarobo-2024/install/robomas_plugins/lib:${LD_LIBRARY_PATH} PYTHONPATH=/home/mihiro/chibarobo-2024/install/robomas_plugins/local/lib/python3.10/dist-packages:${PYTHONPATH} /usr/bin/cmake /home/mihiro/chibarobo-2024/src/R1_undercarriage -DCMAKE_INSTALL_PREFIX=/home/mihiro/chibarobo-2024/install/R1_undercarriage
[0.235s] -- The C compiler identification is GNU 11.4.0
[0.603s] -- The CXX compiler identification is GNU 11.4.0
[0.843s] -- Detecting C compiler ABI info
[0.966s] -- Detecting C compiler ABI info - done
[0.974s] -- Check for working C compiler: /usr/bin/cc - skipped
[0.974s] -- Detecting C compile features
[0.975s] -- Detecting C compile features - done
[0.980s] -- Detecting CXX compiler ABI info
[1.109s] -- Detecting CXX compiler ABI info - done
[1.118s] -- Check for working CXX compiler: /usr/bin/c++ - skipped
[1.119s] -- Detecting CXX compile features
[1.119s] -- Detecting CXX compile features - done
[1.121s] -- Found ament_cmake: 1.3.5 (/opt/ros/humble/share/ament_cmake/cmake)
[1.310s] -- Found Python3: /usr/bin/python3.10 (found version "3.10.12") found components: Interpreter 
[1.396s] -- Found rclcpp: 16.0.6 (/opt/ros/humble/share/rclcpp/cmake)
[1.549s] -- Found rosidl_generator_c: 3.1.5 (/opt/ros/humble/share/rosidl_generator_c/cmake)
[1.554s] -- Found rosidl_adapter: 3.1.5 (/opt/ros/humble/share/rosidl_adapter/cmake)
[1.562s] -- Found rosidl_generator_cpp: 3.1.5 (/opt/ros/humble/share/rosidl_generator_cpp/cmake)
[1.579s] -- Using all available rosidl_typesupport_c: rosidl_typesupport_fastrtps_c;rosidl_typesupport_introspection_c
[1.599s] -- Using all available rosidl_typesupport_cpp: rosidl_typesupport_fastrtps_cpp;rosidl_typesupport_introspection_cpp
[1.674s] -- Found rmw_implementation_cmake: 6.1.1 (/opt/ros/humble/share/rmw_implementation_cmake/cmake)
[1.677s] -- Found rmw_fastrtps_cpp: 6.2.4 (/opt/ros/humble/share/rmw_fastrtps_cpp/cmake)
[2.664s] -- Found OpenSSL: /usr/lib/x86_64-linux-gnu/libcrypto.so (found version "3.0.2")  
[3.637s] -- Found FastRTPS: /opt/ros/humble/include  
[5.045s] -- Using RMW implementation 'rmw_fastrtps_cpp' as default
[5.051s] -- Looking for pthread.h
[5.137s] -- Looking for pthread.h - found
[5.137s] -- Performing Test CMAKE_HAVE_LIBC_PTHREAD
[5.222s] -- Performing Test CMAKE_HAVE_LIBC_PTHREAD - Success
[5.222s] -- Found Threads: TRUE  
[5.349s] -- Found sensor_msgs: 4.2.3 (/opt/ros/humble/share/sensor_msgs/cmake)
[5.473s] -- Found robomas_plugins: 0.0.1 (/home/mihiro/chibarobo-2024/install/robomas_plugins/share/robomas_plugins/cmake)
[5.509s] -- Found ament_lint_auto: 0.12.8 (/opt/ros/humble/share/ament_lint_auto/cmake)
[5.548s] WARNING: Package name "R1_undercarriage" does not follow the naming conventions. It should start with a lower case letter and only contain lower case letters, digits, underscores, and dashes.
[5.567s] -- Added test 'cppcheck' to perform static code analysis on C / C++ code
[5.567s] -- Configured cppcheck include dirs: /home/mihiro/chibarobo-2024/src/R1_undercarriage/include
[5.567s] -- Configured cppcheck exclude dirs and/or files: 
[5.568s] -- Added test 'lint_cmake' to check CMake code style
[5.571s] -- Added test 'uncrustify' to check C / C++ code style
[5.571s] -- Configured uncrustify additional arguments: 
[5.572s] -- Added test 'xmllint' to check XML markup files
[5.573s] -- Configuring done
[5.581s] -- Generating done
[5.582s] -- Build files have been written to: /home/mihiro/chibarobo-2024/build/R1_undercarriage
[5.591s] Invoked command in '/home/mihiro/chibarobo-2024/build/R1_undercarriage' returned '0': AMENT_PREFIX_PATH=/home/mihiro/chibarobo-2024/install/robomas_plugins:${AMENT_PREFIX_PATH} CMAKE_PREFIX_PATH=/home/mihiro/chibarobo-2024/install/robomas_plugins:/opt/ros/humble LD_LIBRARY_PATH=/home/mihiro/chibarobo-2024/install/robomas_plugins/lib:${LD_LIBRARY_PATH} PYTHONPATH=/home/mihiro/chibarobo-2024/install/robomas_plugins/local/lib/python3.10/dist-packages:${PYTHONPATH} /usr/bin/cmake /home/mihiro/chibarobo-2024/src/R1_undercarriage -DCMAKE_INSTALL_PREFIX=/home/mihiro/chibarobo-2024/install/R1_undercarriage
[5.591s] Invoking command in '/home/mihiro/chibarobo-2024/build/R1_undercarriage': AMENT_PREFIX_PATH=/home/mihiro/chibarobo-2024/install/robomas_plugins:${AMENT_PREFIX_PATH} CMAKE_PREFIX_PATH=/home/mihiro/chibarobo-2024/install/robomas_plugins:/opt/ros/humble LD_LIBRARY_PATH=/home/mihiro/chibarobo-2024/install/robomas_plugins/lib:${LD_LIBRARY_PATH} PYTHONPATH=/home/mihiro/chibarobo-2024/install/robomas_plugins/local/lib/python3.10/dist-packages:${PYTHONPATH} /usr/bin/cmake --build /home/mihiro/chibarobo-2024/build/R1_undercarriage -- -j16 -l16
[5.621s] [ 50%] [32mBuilding CXX object CMakeFiles/undercarriage.dir/src/undercarriage.cpp.o[0m
[13.445s] [100%] [32m[1mLinking CXX executable undercarriage[0m
[13.855s] [100%] Built target undercarriage
[13.865s] Invoked command in '/home/mihiro/chibarobo-2024/build/R1_undercarriage' returned '0': AMENT_PREFIX_PATH=/home/mihiro/chibarobo-2024/install/robomas_plugins:${AMENT_PREFIX_PATH} CMAKE_PREFIX_PATH=/home/mihiro/chibarobo-2024/install/robomas_plugins:/opt/ros/humble LD_LIBRARY_PATH=/home/mihiro/chibarobo-2024/install/robomas_plugins/lib:${LD_LIBRARY_PATH} PYTHONPATH=/home/mihiro/chibarobo-2024/install/robomas_plugins/local/lib/python3.10/dist-packages:${PYTHONPATH} /usr/bin/cmake --build /home/mihiro/chibarobo-2024/build/R1_undercarriage -- -j16 -l16
[13.888s] Invoking command in '/home/mihiro/chibarobo-2024/build/R1_undercarriage': AMENT_PREFIX_PATH=/home/mihiro/chibarobo-2024/install/robomas_plugins:${AMENT_PREFIX_PATH} CMAKE_PREFIX_PATH=/home/mihiro/chibarobo-2024/install/robomas_plugins:/opt/ros/humble LD_LIBRARY_PATH=/home/mihiro/chibarobo-2024/install/robomas_plugins/lib:${LD_LIBRARY_PATH} PYTHONPATH=/home/mihiro/chibarobo-2024/install/robomas_plugins/local/lib/python3.10/dist-packages:${PYTHONPATH} /usr/bin/cmake --install /home/mihiro/chibarobo-2024/build/R1_undercarriage
[13.893s] -- Install configuration: ""
[13.893s] -- Installing: /home/mihiro/chibarobo-2024/install/R1_undercarriage/lib/R1_undercarriage/undercarriage
[13.896s] -- Set runtime path of "/home/mihiro/chibarobo-2024/install/R1_undercarriage/lib/R1_undercarriage/undercarriage" to ""
[13.896s] -- Installing: /home/mihiro/chibarobo-2024/install/R1_undercarriage/share/R1_undercarriage/launch
[13.897s] -- Installing: /home/mihiro/chibarobo-2024/install/R1_undercarriage/share/R1_undercarriage/launch/example.launch
[13.897s] -- Installing: /home/mihiro/chibarobo-2024/install/R1_undercarriage/share/ament_index/resource_index/package_run_dependencies/R1_undercarriage
[13.897s] -- Installing: /home/mihiro/chibarobo-2024/install/R1_undercarriage/share/ament_index/resource_index/parent_prefix_path/R1_undercarriage
[13.897s] -- Installing: /home/mihiro/chibarobo-2024/install/R1_undercarriage/share/R1_undercarriage/environment/ament_prefix_path.sh
[13.897s] -- Installing: /home/mihiro/chibarobo-2024/install/R1_undercarriage/share/R1_undercarriage/environment/ament_prefix_path.dsv
[13.898s] -- Installing: /home/mihiro/chibarobo-2024/install/R1_undercarriage/share/R1_undercarriage/environment/path.sh
[13.898s] -- Installing: /home/mihiro/chibarobo-2024/install/R1_undercarriage/share/R1_undercarriage/environment/path.dsv
[13.898s] -- Installing: /home/mihiro/chibarobo-2024/install/R1_undercarriage/share/R1_undercarriage/local_setup.bash
[13.899s] -- Installing: /home/mihiro/chibarobo-2024/install/R1_undercarriage/share/R1_undercarriage/local_setup.sh
[13.899s] -- Installing: /home/mihiro/chibarobo-2024/install/R1_undercarriage/share/R1_undercarriage/local_setup.zsh
[13.899s] -- Installing: /home/mihiro/chibarobo-2024/install/R1_undercarriage/share/R1_undercarriage/local_setup.dsv
[13.899s] -- Installing: /home/mihiro/chibarobo-2024/install/R1_undercarriage/share/R1_undercarriage/package.dsv
[13.899s] -- Installing: /home/mihiro/chibarobo-2024/install/R1_undercarriage/share/ament_index/resource_index/packages/R1_undercarriage
[13.900s] -- Installing: /home/mihiro/chibarobo-2024/install/R1_undercarriage/share/R1_undercarriage/cmake/ament_cmake_export_include_directories-extras.cmake
[13.900s] -- Installing: /home/mihiro/chibarobo-2024/install/R1_undercarriage/share/R1_undercarriage/cmake/R1_undercarriageConfig.cmake
[13.900s] -- Installing: /home/mihiro/chibarobo-2024/install/R1_undercarriage/share/R1_undercarriage/cmake/R1_undercarriageConfig-version.cmake
[13.900s] -- Installing: /home/mihiro/chibarobo-2024/install/R1_undercarriage/share/R1_undercarriage/package.xml
[13.902s] Invoked command in '/home/mihiro/chibarobo-2024/build/R1_undercarriage' returned '0': AMENT_PREFIX_PATH=/home/mihiro/chibarobo-2024/install/robomas_plugins:${AMENT_PREFIX_PATH} CMAKE_PREFIX_PATH=/home/mihiro/chibarobo-2024/install/robomas_plugins:/opt/ros/humble LD_LIBRARY_PATH=/home/mihiro/chibarobo-2024/install/robomas_plugins/lib:${LD_LIBRARY_PATH} PYTHONPATH=/home/mihiro/chibarobo-2024/install/robomas_plugins/local/lib/python3.10/dist-packages:${PYTHONPATH} /usr/bin/cmake --install /home/mihiro/chibarobo-2024/build/R1_undercarriage
