[35m[1mConsolidate compiler generated dependencies of target undercarriage[0m
[100%] Built target undercarriage
-- Install configuration: ""
-- Up-to-date: /home/mihiro/chibarobo-2024/install/R1_undercarriage/lib/R1_undercarriage/undercarriage
-- Up-to-date: /home/mihiro/chibarobo-2024/install/R1_undercarriage/share/R1_undercarriage/launch
-- Up-to-date: /home/mihiro/chibarobo-2024/install/R1_undercarriage/share/R1_undercarriage/launch/example.launch
-- Up-to-date: /home/mihiro/chibarobo-2024/install/R1_undercarriage/share/ament_index/resource_index/package_run_dependencies/R1_undercarriage
-- Up-to-date: /home/mihiro/chibarobo-2024/install/R1_undercarriage/share/ament_index/resource_index/parent_prefix_path/R1_undercarriage
-- Up-to-date: /home/mihiro/chibarobo-2024/install/R1_undercarriage/share/R1_undercarriage/environment/ament_prefix_path.sh
-- Up-to-date: /home/mihiro/chibarobo-2024/install/R1_undercarriage/share/R1_undercarriage/environment/ament_prefix_path.dsv
-- Up-to-date: /home/mihiro/chibarobo-2024/install/R1_undercarriage/share/R1_undercarriage/environment/path.sh
-- Up-to-date: /home/mihiro/chibarobo-2024/install/R1_undercarriage/share/R1_undercarriage/environment/path.dsv
-- Up-to-date: /home/mihiro/chibarobo-2024/install/R1_undercarriage/share/R1_undercarriage/local_setup.bash
-- Up-to-date: /home/mihiro/chibarobo-2024/install/R1_undercarriage/share/R1_undercarriage/local_setup.sh
-- Up-to-date: /home/mihiro/chibarobo-2024/install/R1_undercarriage/share/R1_undercarriage/local_setup.zsh
-- Up-to-date: /home/mihiro/chibarobo-2024/install/R1_undercarriage/share/R1_undercarriage/local_setup.dsv
-- Installing: /home/mihiro/chibarobo-2024/install/R1_undercarriage/share/R1_undercarriage/package.dsv
-- Up-to-date: /home/mihiro/chibarobo-2024/install/R1_undercarriage/share/ament_index/resource_index/packages/R1_undercarriage
-- Up-to-date: /home/mihiro/chibarobo-2024/install/R1_undercarriage/share/R1_undercarriage/cmake/ament_cmake_export_include_directories-extras.cmake
-- Up-to-date: /home/mihiro/chibarobo-2024/install/R1_undercarriage/share/R1_undercarriage/cmake/R1_undercarriageConfig.cmake
-- Up-to-date: /home/mihiro/chibarobo-2024/install/R1_undercarriage/share/R1_undercarriage/cmake/R1_undercarriageConfig-version.cmake
-- Up-to-date: /home/mihiro/chibarobo-2024/install/R1_undercarriage/share/R1_undercarriage/package.xml
