[0.234s] Invoking command in '/home/mihiro/chibarobo-2024/build/R1_undercarriage': AMENT_PREFIX_PATH=/home/mihiro/chibarobo-2024/install/robomas_plugins:${AMENT_PREFIX_PATH} CMAKE_PREFIX_PATH=/home/mihiro/chibarobo-2024/install/robomas_plugins:/opt/ros/humble LD_LIBRARY_PATH=/home/mihiro/chibarobo-2024/install/robomas_plugins/lib:${LD_LIBRARY_PATH} PYTHONPATH=/home/mihiro/chibarobo-2024/install/robomas_plugins/local/lib/python3.10/dist-packages:${PYTHONPATH} /usr/bin/cmake --build /home/mihiro/chibarobo-2024/build/R1_undercarriage -- -j16 -l16
[0.312s] [35m[1mConsolidate compiler generated dependencies of target undercarriage[0m
[0.342s] [100%] Built target undercarriage
[0.358s] Invoked command in '/home/mihiro/chibarobo-2024/build/R1_undercarriage' returned '0': AMENT_PREFIX_PATH=/home/mihiro/chibarobo-2024/install/robomas_plugins:${AMENT_PREFIX_PATH} CMAKE_PREFIX_PATH=/home/mihiro/chibarobo-2024/install/robomas_plugins:/opt/ros/humble LD_LIBRARY_PATH=/home/mihiro/chibarobo-2024/install/robomas_plugins/lib:${LD_LIBRARY_PATH} PYTHONPATH=/home/mihiro/chibarobo-2024/install/robomas_plugins/local/lib/python3.10/dist-packages:${PYTHONPATH} /usr/bin/cmake --build /home/mihiro/chibarobo-2024/build/R1_undercarriage -- -j16 -l16
[0.409s] Invoking command in '/home/mihiro/chibarobo-2024/build/R1_undercarriage': AMENT_PREFIX_PATH=/home/mihiro/chibarobo-2024/install/robomas_plugins:${AMENT_PREFIX_PATH} CMAKE_PREFIX_PATH=/home/mihiro/chibarobo-2024/install/robomas_plugins:/opt/ros/humble LD_LIBRARY_PATH=/home/mihiro/chibarobo-2024/install/robomas_plugins/lib:${LD_LIBRARY_PATH} PYTHONPATH=/home/mihiro/chibarobo-2024/install/robomas_plugins/local/lib/python3.10/dist-packages:${PYTHONPATH} /usr/bin/cmake --install /home/mihiro/chibarobo-2024/build/R1_undercarriage
[0.419s] -- Install configuration: ""
[0.424s] -- Up-to-date: /home/mihiro/chibarobo-2024/install/R1_undercarriage/lib/R1_undercarriage/undercarriage
[0.425s] -- Up-to-date: /home/mihiro/chibarobo-2024/install/R1_undercarriage/share/R1_undercarriage/launch
[0.426s] -- Up-to-date: /home/mihiro/chibarobo-2024/install/R1_undercarriage/share/R1_undercarriage/launch/example.launch
[0.426s] -- Up-to-date: /home/mihiro/chibarobo-2024/install/R1_undercarriage/share/ament_index/resource_index/package_run_dependencies/R1_undercarriage
[0.426s] -- Up-to-date: /home/mihiro/chibarobo-2024/install/R1_undercarriage/share/ament_index/resource_index/parent_prefix_path/R1_undercarriage
[0.426s] -- Up-to-date: /home/mihiro/chibarobo-2024/install/R1_undercarriage/share/R1_undercarriage/environment/ament_prefix_path.sh
[0.426s] -- Up-to-date: /home/mihiro/chibarobo-2024/install/R1_undercarriage/share/R1_undercarriage/environment/ament_prefix_path.dsv
[0.427s] -- Up-to-date: /home/mihiro/chibarobo-2024/install/R1_undercarriage/share/R1_undercarriage/environment/path.sh
[0.427s] -- Up-to-date: /home/mihiro/chibarobo-2024/install/R1_undercarriage/share/R1_undercarriage/environment/path.dsv
[0.427s] -- Up-to-date: /home/mihiro/chibarobo-2024/install/R1_undercarriage/share/R1_undercarriage/local_setup.bash
[0.428s] -- Up-to-date: /home/mihiro/chibarobo-2024/install/R1_undercarriage/share/R1_undercarriage/local_setup.sh
[0.429s] -- Up-to-date: /home/mihiro/chibarobo-2024/install/R1_undercarriage/share/R1_undercarriage/local_setup.zsh
[0.429s] -- Up-to-date: /home/mihiro/chibarobo-2024/install/R1_undercarriage/share/R1_undercarriage/local_setup.dsv
[0.429s] -- Installing: /home/mihiro/chibarobo-2024/install/R1_undercarriage/share/R1_undercarriage/package.dsv
[0.430s] -- Up-to-date: /home/mihiro/chibarobo-2024/install/R1_undercarriage/share/ament_index/resource_index/packages/R1_undercarriage
[0.431s] -- Up-to-date: /home/mihiro/chibarobo-2024/install/R1_undercarriage/share/R1_undercarriage/cmake/ament_cmake_export_include_directories-extras.cmake
[0.431s] -- Up-to-date: /home/mihiro/chibarobo-2024/install/R1_undercarriage/share/R1_undercarriage/cmake/R1_undercarriageConfig.cmake
[0.431s] -- Up-to-date: /home/mihiro/chibarobo-2024/install/R1_undercarriage/share/R1_undercarriage/cmake/R1_undercarriageConfig-version.cmake
[0.433s] -- Up-to-date: /home/mihiro/chibarobo-2024/install/R1_undercarriage/share/R1_undercarriage/package.xml
[0.439s] Invoked command in '/home/mihiro/chibarobo-2024/build/R1_undercarriage' returned '0': AMENT_PREFIX_PATH=/home/mihiro/chibarobo-2024/install/robomas_plugins:${AMENT_PREFIX_PATH} CMAKE_PREFIX_PATH=/home/mihiro/chibarobo-2024/install/robomas_plugins:/opt/ros/humble LD_LIBRARY_PATH=/home/mihiro/chibarobo-2024/install/robomas_plugins/lib:${LD_LIBRARY_PATH} PYTHONPATH=/home/mihiro/chibarobo-2024/install/robomas_plugins/local/lib/python3.10/dist-packages:${PYTHONPATH} /usr/bin/cmake --install /home/mihiro/chibarobo-2024/build/R1_undercarriage
