[0.707s] DEBUG:colcon:Command line arguments: ['/usr/bin/colcon', 'build']
[0.708s] DEBUG:colcon:Parsed command line arguments: Namespace(log_base=None, log_level=None, verb_name='build', build_base='build', install_base='install', merge_install=False, symlink_install=False, test_result_base=None, continue_on_error=False, executor='parallel', parallel_workers=16, event_handlers=None, ignore_user_meta=False, metas=['./colcon.meta'], base_paths=['.'], packages_ignore=None, packages_ignore_regex=None, paths=None, packages_up_to=None, packages_up_to_regex=None, packages_above=None, packages_above_and_dependencies=None, packages_above_depth=None, packages_select_by_dep=None, packages_skip_by_dep=None, packages_skip_up_to=None, packages_select_build_failed=False, packages_skip_build_finished=False, packages_select_test_failures=False, packages_skip_test_passed=False, packages_select=None, packages_skip=None, packages_select_regex=None, packages_skip_regex=None, packages_start=None, packages_end=None, allow_overriding=[], cmake_args=None, cmake_target=None, cmake_target_skip_unavailable=False, cmake_clean_cache=False, cmake_clean_first=False, cmake_force_configure=False, ament_cmake_args=None, catkin_cmake_args=None, catkin_skip_building_tests=False, verb_parser=<colcon_defaults.argument_parser.defaults.DefaultArgumentsDecorator object at 0x7fccb8bc2980>, verb_extension=<colcon_core.verb.build.BuildVerb object at 0x7fccb8b67640>, main=<bound method BuildVerb.main of <colcon_core.verb.build.BuildVerb object at 0x7fccb8b67640>>)
[0.772s] Level 1:colcon.colcon_core.package_discovery:discover_packages(colcon_meta) check parameters
[0.772s] Level 1:colcon.colcon_core.package_discovery:discover_packages(recursive) check parameters
[0.772s] Level 1:colcon.colcon_core.package_discovery:discover_packages(ignore) check parameters
[0.772s] Level 1:colcon.colcon_core.package_discovery:discover_packages(path) check parameters
[0.772s] Level 1:colcon.colcon_core.package_discovery:discover_packages(colcon_meta) discover
[0.772s] Level 1:colcon.colcon_core.package_discovery:discover_packages(recursive) discover
[0.772s] INFO:colcon.colcon_core.package_discovery:Crawling recursively for packages in '/home/mihiro/chibarobo-2024'
[0.772s] Level 1:colcon.colcon_core.package_identification:_identify(.) by extensions ['ignore', 'ignore_ament_install']
[0.772s] Level 1:colcon.colcon_core.package_identification:_identify(.) by extension 'ignore'
[0.772s] Level 1:colcon.colcon_core.package_identification:_identify(.) by extension 'ignore_ament_install'
[0.773s] Level 1:colcon.colcon_core.package_identification:_identify(.) by extensions ['colcon_pkg']
[0.773s] Level 1:colcon.colcon_core.package_identification:_identify(.) by extension 'colcon_pkg'
[0.773s] Level 1:colcon.colcon_core.package_identification:_identify(.) by extensions ['colcon_meta']
[0.773s] Level 1:colcon.colcon_core.package_identification:_identify(.) by extension 'colcon_meta'
[0.773s] Level 1:colcon.colcon_core.package_identification:_identify(.) by extensions ['ros']
[0.773s] Level 1:colcon.colcon_core.package_identification:_identify(.) by extension 'ros'
[0.787s] Level 1:colcon.colcon_core.package_identification:_identify(.) by extensions ['cmake', 'python']
[0.787s] Level 1:colcon.colcon_core.package_identification:_identify(.) by extension 'cmake'
[0.787s] Level 1:colcon.colcon_core.package_identification:_identify(.) by extension 'python'
[0.787s] Level 1:colcon.colcon_core.package_identification:_identify(.) by extensions ['python_setup_py']
[0.787s] Level 1:colcon.colcon_core.package_identification:_identify(.) by extension 'python_setup_py'
[0.787s] Level 1:colcon.colcon_core.package_identification:_identify(build) by extensions ['ignore', 'ignore_ament_install']
[0.787s] Level 1:colcon.colcon_core.package_identification:_identify(build) by extension 'ignore'
[0.787s] Level 1:colcon.colcon_core.package_identification:_identify(build) ignored
[0.787s] Level 1:colcon.colcon_core.package_identification:_identify(install) by extensions ['ignore', 'ignore_ament_install']
[0.787s] Level 1:colcon.colcon_core.package_identification:_identify(install) by extension 'ignore'
[0.788s] Level 1:colcon.colcon_core.package_identification:_identify(install) ignored
[0.788s] Level 1:colcon.colcon_core.package_identification:_identify(log) by extensions ['ignore', 'ignore_ament_install']
[0.788s] Level 1:colcon.colcon_core.package_identification:_identify(log) by extension 'ignore'
[0.788s] Level 1:colcon.colcon_core.package_identification:_identify(log) ignored
[0.788s] Level 1:colcon.colcon_core.package_identification:_identify(src) by extensions ['ignore', 'ignore_ament_install']
[0.788s] Level 1:colcon.colcon_core.package_identification:_identify(src) by extension 'ignore'
[0.788s] Level 1:colcon.colcon_core.package_identification:_identify(src) by extension 'ignore_ament_install'
[0.788s] Level 1:colcon.colcon_core.package_identification:_identify(src) by extensions ['colcon_pkg']
[0.788s] Level 1:colcon.colcon_core.package_identification:_identify(src) by extension 'colcon_pkg'
[0.788s] Level 1:colcon.colcon_core.package_identification:_identify(src) by extensions ['colcon_meta']
[0.788s] Level 1:colcon.colcon_core.package_identification:_identify(src) by extension 'colcon_meta'
[0.788s] Level 1:colcon.colcon_core.package_identification:_identify(src) by extensions ['ros']
[0.788s] Level 1:colcon.colcon_core.package_identification:_identify(src) by extension 'ros'
[0.788s] Level 1:colcon.colcon_core.package_identification:_identify(src) by extensions ['cmake', 'python']
[0.788s] Level 1:colcon.colcon_core.package_identification:_identify(src) by extension 'cmake'
[0.788s] Level 1:colcon.colcon_core.package_identification:_identify(src) by extension 'python'
[0.788s] Level 1:colcon.colcon_core.package_identification:_identify(src) by extensions ['python_setup_py']
[0.788s] Level 1:colcon.colcon_core.package_identification:_identify(src) by extension 'python_setup_py'
[0.788s] Level 1:colcon.colcon_core.package_identification:_identify(src/R1_undercarriage) by extensions ['ignore', 'ignore_ament_install']
[0.789s] Level 1:colcon.colcon_core.package_identification:_identify(src/R1_undercarriage) by extension 'ignore'
[0.789s] Level 1:colcon.colcon_core.package_identification:_identify(src/R1_undercarriage) by extension 'ignore_ament_install'
[0.789s] Level 1:colcon.colcon_core.package_identification:_identify(src/R1_undercarriage) by extensions ['colcon_pkg']
[0.789s] Level 1:colcon.colcon_core.package_identification:_identify(src/R1_undercarriage) by extension 'colcon_pkg'
[0.789s] Level 1:colcon.colcon_core.package_identification:_identify(src/R1_undercarriage) by extensions ['colcon_meta']
[0.789s] Level 1:colcon.colcon_core.package_identification:_identify(src/R1_undercarriage) by extension 'colcon_meta'
[0.789s] Level 1:colcon.colcon_core.package_identification:_identify(src/R1_undercarriage) by extensions ['ros']
[0.789s] Level 1:colcon.colcon_core.package_identification:_identify(src/R1_undercarriage) by extension 'ros'
[0.792s] DEBUG:colcon.colcon_core.package_identification:Package 'src/R1_undercarriage' with type 'ros.ament_cmake' and name 'R1_undercarriage'
[0.792s] Level 1:colcon.colcon_core.package_identification:_identify(src/robomas_plugins) by extensions ['ignore', 'ignore_ament_install']
[0.792s] Level 1:colcon.colcon_core.package_identification:_identify(src/robomas_plugins) by extension 'ignore'
[0.792s] Level 1:colcon.colcon_core.package_identification:_identify(src/robomas_plugins) by extension 'ignore_ament_install'
[0.792s] Level 1:colcon.colcon_core.package_identification:_identify(src/robomas_plugins) by extensions ['colcon_pkg']
[0.792s] Level 1:colcon.colcon_core.package_identification:_identify(src/robomas_plugins) by extension 'colcon_pkg'
[0.792s] Level 1:colcon.colcon_core.package_identification:_identify(src/robomas_plugins) by extensions ['colcon_meta']
[0.792s] Level 1:colcon.colcon_core.package_identification:_identify(src/robomas_plugins) by extension 'colcon_meta'
[0.792s] Level 1:colcon.colcon_core.package_identification:_identify(src/robomas_plugins) by extensions ['ros']
[0.792s] Level 1:colcon.colcon_core.package_identification:_identify(src/robomas_plugins) by extension 'ros'
[0.793s] DEBUG:colcon.colcon_core.package_identification:Package 'src/robomas_plugins' with type 'ros.ament_cmake' and name 'robomas_plugins'
[0.793s] Level 1:colcon.colcon_core.package_discovery:discover_packages(recursive) using defaults
[0.793s] Level 1:colcon.colcon_core.package_discovery:discover_packages(ignore) discover
[0.793s] Level 1:colcon.colcon_core.package_discovery:discover_packages(ignore) using defaults
[0.793s] Level 1:colcon.colcon_core.package_discovery:discover_packages(path) discover
[0.793s] Level 1:colcon.colcon_core.package_discovery:discover_packages(path) using defaults
[0.868s] Level 1:colcon.colcon_core.package_discovery:discover_packages(prefix_path) check parameters
[0.869s] Level 1:colcon.colcon_core.package_discovery:discover_packages(prefix_path) discover
[0.886s] DEBUG:colcon.colcon_installed_package_information.package_discovery:Found 276 installed packages in /opt/ros/humble
[0.887s] Level 1:colcon.colcon_core.package_discovery:discover_packages(prefix_path) using defaults
[0.932s] Level 5:colcon.colcon_core.verb:set package 'robomas_plugins' build argument 'cmake_args' from command line to 'None'
[0.932s] Level 5:colcon.colcon_core.verb:set package 'robomas_plugins' build argument 'cmake_target' from command line to 'None'
[0.932s] Level 5:colcon.colcon_core.verb:set package 'robomas_plugins' build argument 'cmake_target_skip_unavailable' from command line to 'False'
[0.932s] Level 5:colcon.colcon_core.verb:set package 'robomas_plugins' build argument 'cmake_clean_cache' from command line to 'False'
[0.932s] Level 5:colcon.colcon_core.verb:set package 'robomas_plugins' build argument 'cmake_clean_first' from command line to 'False'
[0.933s] Level 5:colcon.colcon_core.verb:set package 'robomas_plugins' build argument 'cmake_force_configure' from command line to 'False'
[0.933s] Level 5:colcon.colcon_core.verb:set package 'robomas_plugins' build argument 'ament_cmake_args' from command line to 'None'
[0.933s] Level 5:colcon.colcon_core.verb:set package 'robomas_plugins' build argument 'catkin_cmake_args' from command line to 'None'
[0.933s] Level 5:colcon.colcon_core.verb:set package 'robomas_plugins' build argument 'catkin_skip_building_tests' from command line to 'False'
[0.933s] DEBUG:colcon.colcon_core.verb:Building package 'robomas_plugins' with the following arguments: {'ament_cmake_args': None, 'build_base': '/home/mihiro/chibarobo-2024/build/robomas_plugins', 'catkin_cmake_args': None, 'catkin_skip_building_tests': False, 'cmake_args': None, 'cmake_clean_cache': False, 'cmake_clean_first': False, 'cmake_force_configure': False, 'cmake_target': None, 'cmake_target_skip_unavailable': False, 'install_base': '/home/mihiro/chibarobo-2024/install/robomas_plugins', 'merge_install': False, 'path': '/home/mihiro/chibarobo-2024/src/robomas_plugins', 'symlink_install': False, 'test_result_base': None}
[0.938s] Level 5:colcon.colcon_core.verb:set package 'R1_undercarriage' build argument 'cmake_args' from command line to 'None'
[0.938s] Level 5:colcon.colcon_core.verb:set package 'R1_undercarriage' build argument 'cmake_target' from command line to 'None'
[0.938s] Level 5:colcon.colcon_core.verb:set package 'R1_undercarriage' build argument 'cmake_target_skip_unavailable' from command line to 'False'
[0.938s] Level 5:colcon.colcon_core.verb:set package 'R1_undercarriage' build argument 'cmake_clean_cache' from command line to 'False'
[0.938s] Level 5:colcon.colcon_core.verb:set package 'R1_undercarriage' build argument 'cmake_clean_first' from command line to 'False'
[0.938s] Level 5:colcon.colcon_core.verb:set package 'R1_undercarriage' build argument 'cmake_force_configure' from command line to 'False'
[0.938s] Level 5:colcon.colcon_core.verb:set package 'R1_undercarriage' build argument 'ament_cmake_args' from command line to 'None'
[0.938s] Level 5:colcon.colcon_core.verb:set package 'R1_undercarriage' build argument 'catkin_cmake_args' from command line to 'None'
[0.938s] Level 5:colcon.colcon_core.verb:set package 'R1_undercarriage' build argument 'catkin_skip_building_tests' from command line to 'False'
[0.938s] DEBUG:colcon.colcon_core.verb:Building package 'R1_undercarriage' with the following arguments: {'ament_cmake_args': None, 'build_base': '/home/mihiro/chibarobo-2024/build/R1_undercarriage', 'catkin_cmake_args': None, 'catkin_skip_building_tests': False, 'cmake_args': None, 'cmake_clean_cache': False, 'cmake_clean_first': False, 'cmake_force_configure': False, 'cmake_target': None, 'cmake_target_skip_unavailable': False, 'install_base': '/home/mihiro/chibarobo-2024/install/R1_undercarriage', 'merge_install': False, 'path': '/home/mihiro/chibarobo-2024/src/R1_undercarriage', 'symlink_install': False, 'test_result_base': None}
[0.943s] INFO:colcon.colcon_core.executor:Executing jobs using 'parallel' executor
[0.951s] DEBUG:colcon.colcon_parallel_executor.executor.parallel:run_until_complete
[0.951s] INFO:colcon.colcon_ros.task.ament_cmake.build:Building ROS package in '/home/mihiro/chibarobo-2024/src/robomas_plugins' with build type 'ament_cmake'
[0.951s] INFO:colcon.colcon_cmake.task.cmake.build:Building CMake package in '/home/mihiro/chibarobo-2024/src/robomas_plugins'
[0.967s] INFO:colcon.colcon_core.plugin_system:Skipping extension 'colcon_core.shell.bat': Not used on non-Windows systems
[0.967s] INFO:colcon.colcon_core.shell:Skip shell extension 'powershell' for command environment: Not usable outside of PowerShell
[0.967s] DEBUG:colcon.colcon_core.shell:Skip shell extension 'dsv' for command environment
[0.986s] DEBUG:colcon.colcon_core.event_handler.log_command:Invoking command in '/home/mihiro/chibarobo-2024/build/robomas_plugins': CMAKE_PREFIX_PATH=/opt/ros/humble /usr/bin/cmake /home/mihiro/chibarobo-2024/src/robomas_plugins -DCMAKE_INSTALL_PREFIX=/home/mihiro/chibarobo-2024/install/robomas_plugins
[6.238s] DEBUG:colcon.colcon_core.event_handler.log_command:Invoked command in '/home/mihiro/chibarobo-2024/build/robomas_plugins' returned '0': CMAKE_PREFIX_PATH=/opt/ros/humble /usr/bin/cmake /home/mihiro/chibarobo-2024/src/robomas_plugins -DCMAKE_INSTALL_PREFIX=/home/mihiro/chibarobo-2024/install/robomas_plugins
[6.240s] DEBUG:colcon.colcon_core.event_handler.log_command:Invoking command in '/home/mihiro/chibarobo-2024/build/robomas_plugins': CMAKE_PREFIX_PATH=/opt/ros/humble /usr/bin/cmake --build /home/mihiro/chibarobo-2024/build/robomas_plugins -- -j16 -l16
[20.225s] DEBUG:colcon.colcon_core.event_handler.log_command:Invoked command in '/home/mihiro/chibarobo-2024/build/robomas_plugins' returned '0': CMAKE_PREFIX_PATH=/opt/ros/humble /usr/bin/cmake --build /home/mihiro/chibarobo-2024/build/robomas_plugins -- -j16 -l16
[20.324s] DEBUG:colcon.colcon_core.event_handler.log_command:Invoking command in '/home/mihiro/chibarobo-2024/build/robomas_plugins': CMAKE_PREFIX_PATH=/opt/ros/humble /usr/bin/cmake --install /home/mihiro/chibarobo-2024/build/robomas_plugins
[20.417s] Level 1:colcon.colcon_core.environment:create_environment_scripts_only(robomas_plugins)
[20.417s] DEBUG:colcon.colcon_core.event_handler.log_command:Invoked command in '/home/mihiro/chibarobo-2024/build/robomas_plugins' returned '0': CMAKE_PREFIX_PATH=/opt/ros/humble /usr/bin/cmake --install /home/mihiro/chibarobo-2024/build/robomas_plugins
[20.442s] Level 1:colcon.colcon_core.environment:checking '/home/mihiro/chibarobo-2024/install/robomas_plugins' for CMake module files
[20.443s] Level 1:colcon.colcon_core.environment:checking '/home/mihiro/chibarobo-2024/install/robomas_plugins' for CMake config files
[20.443s] Level 1:colcon.colcon_core.shell:create_environment_hook('robomas_plugins', 'cmake_prefix_path')
[20.455s] INFO:colcon.colcon_core.shell:Creating environment hook '/home/mihiro/chibarobo-2024/install/robomas_plugins/share/robomas_plugins/hook/cmake_prefix_path.ps1'
[20.457s] INFO:colcon.colcon_core.shell:Creating environment descriptor '/home/mihiro/chibarobo-2024/install/robomas_plugins/share/robomas_plugins/hook/cmake_prefix_path.dsv'
[20.458s] INFO:colcon.colcon_core.shell:Creating environment hook '/home/mihiro/chibarobo-2024/install/robomas_plugins/share/robomas_plugins/hook/cmake_prefix_path.sh'
[20.459s] Level 1:colcon.colcon_core.environment:checking '/home/mihiro/chibarobo-2024/install/robomas_plugins/lib'
[20.459s] Level 1:colcon.colcon_core.shell:create_environment_hook('robomas_plugins', 'ld_library_path_lib')
[20.471s] INFO:colcon.colcon_core.shell:Creating environment hook '/home/mihiro/chibarobo-2024/install/robomas_plugins/share/robomas_plugins/hook/ld_library_path_lib.ps1'
[20.472s] INFO:colcon.colcon_core.shell:Creating environment descriptor '/home/mihiro/chibarobo-2024/install/robomas_plugins/share/robomas_plugins/hook/ld_library_path_lib.dsv'
[20.472s] INFO:colcon.colcon_core.shell:Creating environment hook '/home/mihiro/chibarobo-2024/install/robomas_plugins/share/robomas_plugins/hook/ld_library_path_lib.sh'
[20.472s] Level 1:colcon.colcon_core.environment:checking '/home/mihiro/chibarobo-2024/install/robomas_plugins/bin'
[20.472s] Level 1:colcon.colcon_core.environment:checking '/home/mihiro/chibarobo-2024/install/robomas_plugins/lib/pkgconfig/robomas_plugins.pc'
[20.473s] Level 1:colcon.colcon_core.environment:checking '/home/mihiro/chibarobo-2024/install/robomas_plugins/lib/python3.10/site-packages'
[20.473s] Level 1:colcon.colcon_core.environment:checking '/home/mihiro/chibarobo-2024/install/robomas_plugins/bin'
[20.485s] INFO:colcon.colcon_core.shell:Creating package script '/home/mihiro/chibarobo-2024/install/robomas_plugins/share/robomas_plugins/package.ps1'
[20.486s] INFO:colcon.colcon_core.shell:Creating package descriptor '/home/mihiro/chibarobo-2024/install/robomas_plugins/share/robomas_plugins/package.dsv'
[20.487s] INFO:colcon.colcon_core.shell:Creating package script '/home/mihiro/chibarobo-2024/install/robomas_plugins/share/robomas_plugins/package.sh'
[20.488s] INFO:colcon.colcon_core.shell:Creating package script '/home/mihiro/chibarobo-2024/install/robomas_plugins/share/robomas_plugins/package.bash'
[20.490s] INFO:colcon.colcon_core.shell:Creating package script '/home/mihiro/chibarobo-2024/install/robomas_plugins/share/robomas_plugins/package.zsh'
[20.491s] Level 1:colcon.colcon_core.environment:create_file_with_runtime_dependencies(/home/mihiro/chibarobo-2024/install/robomas_plugins/share/colcon-core/packages/robomas_plugins)
[20.607s] Level 1:colcon.colcon_core.environment:create_environment_scripts_only(robomas_plugins)
[20.621s] Level 1:colcon.colcon_core.environment:checking '/home/mihiro/chibarobo-2024/install/robomas_plugins' for CMake module files
[20.622s] Level 1:colcon.colcon_core.environment:checking '/home/mihiro/chibarobo-2024/install/robomas_plugins' for CMake config files
[20.623s] Level 1:colcon.colcon_core.shell:create_environment_hook('robomas_plugins', 'cmake_prefix_path')
[20.635s] INFO:colcon.colcon_core.shell:Creating environment hook '/home/mihiro/chibarobo-2024/install/robomas_plugins/share/robomas_plugins/hook/cmake_prefix_path.ps1'
[20.635s] INFO:colcon.colcon_core.shell:Creating environment descriptor '/home/mihiro/chibarobo-2024/install/robomas_plugins/share/robomas_plugins/hook/cmake_prefix_path.dsv'
[20.636s] INFO:colcon.colcon_core.shell:Creating environment hook '/home/mihiro/chibarobo-2024/install/robomas_plugins/share/robomas_plugins/hook/cmake_prefix_path.sh'
[20.636s] Level 1:colcon.colcon_core.environment:checking '/home/mihiro/chibarobo-2024/install/robomas_plugins/lib'
[20.637s] Level 1:colcon.colcon_core.shell:create_environment_hook('robomas_plugins', 'ld_library_path_lib')
[20.649s] INFO:colcon.colcon_core.shell:Creating environment hook '/home/mihiro/chibarobo-2024/install/robomas_plugins/share/robomas_plugins/hook/ld_library_path_lib.ps1'
[20.649s] INFO:colcon.colcon_core.shell:Creating environment descriptor '/home/mihiro/chibarobo-2024/install/robomas_plugins/share/robomas_plugins/hook/ld_library_path_lib.dsv'
[20.650s] INFO:colcon.colcon_core.shell:Creating environment hook '/home/mihiro/chibarobo-2024/install/robomas_plugins/share/robomas_plugins/hook/ld_library_path_lib.sh'
[20.650s] Level 1:colcon.colcon_core.environment:checking '/home/mihiro/chibarobo-2024/install/robomas_plugins/bin'
[20.651s] Level 1:colcon.colcon_core.environment:checking '/home/mihiro/chibarobo-2024/install/robomas_plugins/lib/pkgconfig/robomas_plugins.pc'
[20.651s] Level 1:colcon.colcon_core.environment:checking '/home/mihiro/chibarobo-2024/install/robomas_plugins/lib/python3.10/site-packages'
[20.651s] Level 1:colcon.colcon_core.environment:checking '/home/mihiro/chibarobo-2024/install/robomas_plugins/bin'
[20.665s] INFO:colcon.colcon_core.shell:Creating package script '/home/mihiro/chibarobo-2024/install/robomas_plugins/share/robomas_plugins/package.ps1'
[20.666s] INFO:colcon.colcon_core.shell:Creating package descriptor '/home/mihiro/chibarobo-2024/install/robomas_plugins/share/robomas_plugins/package.dsv'
[20.667s] INFO:colcon.colcon_core.shell:Creating package script '/home/mihiro/chibarobo-2024/install/robomas_plugins/share/robomas_plugins/package.sh'
[20.667s] INFO:colcon.colcon_core.shell:Creating package script '/home/mihiro/chibarobo-2024/install/robomas_plugins/share/robomas_plugins/package.bash'
[20.667s] INFO:colcon.colcon_core.shell:Creating package script '/home/mihiro/chibarobo-2024/install/robomas_plugins/share/robomas_plugins/package.zsh'
[20.668s] Level 1:colcon.colcon_core.environment:create_file_with_runtime_dependencies(/home/mihiro/chibarobo-2024/install/robomas_plugins/share/colcon-core/packages/robomas_plugins)
[20.669s] INFO:colcon.colcon_ros.task.ament_cmake.build:Building ROS package in '/home/mihiro/chibarobo-2024/src/R1_undercarriage' with build type 'ament_cmake'
[20.669s] INFO:colcon.colcon_cmake.task.cmake.build:Building CMake package in '/home/mihiro/chibarobo-2024/src/R1_undercarriage'
[20.684s] INFO:colcon.colcon_core.shell:Skip shell extension 'powershell' for command environment: Not usable outside of PowerShell
[20.685s] DEBUG:colcon.colcon_core.shell:Skip shell extension 'dsv' for command environment
[20.781s] DEBUG:colcon.colcon_core.event_handler.log_command:Invoking command in '/home/mihiro/chibarobo-2024/build/R1_undercarriage': AMENT_PREFIX_PATH=/home/mihiro/chibarobo-2024/install/robomas_plugins:${AMENT_PREFIX_PATH} CMAKE_PREFIX_PATH=/home/mihiro/chibarobo-2024/install/robomas_plugins:/opt/ros/humble LD_LIBRARY_PATH=/home/mihiro/chibarobo-2024/install/robomas_plugins/lib:${LD_LIBRARY_PATH} PYTHONPATH=/home/mihiro/chibarobo-2024/install/robomas_plugins/local/lib/python3.10/dist-packages:${PYTHONPATH} /usr/bin/cmake /home/mihiro/chibarobo-2024/src/R1_undercarriage -DCMAKE_INSTALL_PREFIX=/home/mihiro/chibarobo-2024/install/R1_undercarriage
[26.262s] DEBUG:colcon.colcon_core.event_handler.log_command:Invoked command in '/home/mihiro/chibarobo-2024/build/R1_undercarriage' returned '0': AMENT_PREFIX_PATH=/home/mihiro/chibarobo-2024/install/robomas_plugins:${AMENT_PREFIX_PATH} CMAKE_PREFIX_PATH=/home/mihiro/chibarobo-2024/install/robomas_plugins:/opt/ros/humble LD_LIBRARY_PATH=/home/mihiro/chibarobo-2024/install/robomas_plugins/lib:${LD_LIBRARY_PATH} PYTHONPATH=/home/mihiro/chibarobo-2024/install/robomas_plugins/local/lib/python3.10/dist-packages:${PYTHONPATH} /usr/bin/cmake /home/mihiro/chibarobo-2024/src/R1_undercarriage -DCMAKE_INSTALL_PREFIX=/home/mihiro/chibarobo-2024/install/R1_undercarriage
[26.263s] DEBUG:colcon.colcon_core.event_handler.log_command:Invoking command in '/home/mihiro/chibarobo-2024/build/R1_undercarriage': AMENT_PREFIX_PATH=/home/mihiro/chibarobo-2024/install/robomas_plugins:${AMENT_PREFIX_PATH} CMAKE_PREFIX_PATH=/home/mihiro/chibarobo-2024/install/robomas_plugins:/opt/ros/humble LD_LIBRARY_PATH=/home/mihiro/chibarobo-2024/install/robomas_plugins/lib:${LD_LIBRARY_PATH} PYTHONPATH=/home/mihiro/chibarobo-2024/install/robomas_plugins/local/lib/python3.10/dist-packages:${PYTHONPATH} /usr/bin/cmake --build /home/mihiro/chibarobo-2024/build/R1_undercarriage -- -j16 -l16
[34.537s] DEBUG:colcon.colcon_core.event_handler.log_command:Invoked command in '/home/mihiro/chibarobo-2024/build/R1_undercarriage' returned '0': AMENT_PREFIX_PATH=/home/mihiro/chibarobo-2024/install/robomas_plugins:${AMENT_PREFIX_PATH} CMAKE_PREFIX_PATH=/home/mihiro/chibarobo-2024/install/robomas_plugins:/opt/ros/humble LD_LIBRARY_PATH=/home/mihiro/chibarobo-2024/install/robomas_plugins/lib:${LD_LIBRARY_PATH} PYTHONPATH=/home/mihiro/chibarobo-2024/install/robomas_plugins/local/lib/python3.10/dist-packages:${PYTHONPATH} /usr/bin/cmake --build /home/mihiro/chibarobo-2024/build/R1_undercarriage -- -j16 -l16
[34.560s] DEBUG:colcon.colcon_core.event_handler.log_command:Invoking command in '/home/mihiro/chibarobo-2024/build/R1_undercarriage': AMENT_PREFIX_PATH=/home/mihiro/chibarobo-2024/install/robomas_plugins:${AMENT_PREFIX_PATH} CMAKE_PREFIX_PATH=/home/mihiro/chibarobo-2024/install/robomas_plugins:/opt/ros/humble LD_LIBRARY_PATH=/home/mihiro/chibarobo-2024/install/robomas_plugins/lib:${LD_LIBRARY_PATH} PYTHONPATH=/home/mihiro/chibarobo-2024/install/robomas_plugins/local/lib/python3.10/dist-packages:${PYTHONPATH} /usr/bin/cmake --install /home/mihiro/chibarobo-2024/build/R1_undercarriage
[34.573s] Level 1:colcon.colcon_core.environment:create_environment_scripts_only(R1_undercarriage)
[34.574s] DEBUG:colcon.colcon_core.event_handler.log_command:Invoked command in '/home/mihiro/chibarobo-2024/build/R1_undercarriage' returned '0': AMENT_PREFIX_PATH=/home/mihiro/chibarobo-2024/install/robomas_plugins:${AMENT_PREFIX_PATH} CMAKE_PREFIX_PATH=/home/mihiro/chibarobo-2024/install/robomas_plugins:/opt/ros/humble LD_LIBRARY_PATH=/home/mihiro/chibarobo-2024/install/robomas_plugins/lib:${LD_LIBRARY_PATH} PYTHONPATH=/home/mihiro/chibarobo-2024/install/robomas_plugins/local/lib/python3.10/dist-packages:${PYTHONPATH} /usr/bin/cmake --install /home/mihiro/chibarobo-2024/build/R1_undercarriage
[34.584s] Level 1:colcon.colcon_core.environment:checking '/home/mihiro/chibarobo-2024/install/R1_undercarriage' for CMake module files
[34.585s] Level 1:colcon.colcon_core.environment:checking '/home/mihiro/chibarobo-2024/install/R1_undercarriage' for CMake config files
[34.585s] Level 1:colcon.colcon_core.shell:create_environment_hook('R1_undercarriage', 'cmake_prefix_path')
[34.595s] INFO:colcon.colcon_core.shell:Creating environment hook '/home/mihiro/chibarobo-2024/install/R1_undercarriage/share/R1_undercarriage/hook/cmake_prefix_path.ps1'
[34.596s] INFO:colcon.colcon_core.shell:Creating environment descriptor '/home/mihiro/chibarobo-2024/install/R1_undercarriage/share/R1_undercarriage/hook/cmake_prefix_path.dsv'
[34.596s] INFO:colcon.colcon_core.shell:Creating environment hook '/home/mihiro/chibarobo-2024/install/R1_undercarriage/share/R1_undercarriage/hook/cmake_prefix_path.sh'
[34.596s] Level 1:colcon.colcon_core.environment:checking '/home/mihiro/chibarobo-2024/install/R1_undercarriage/lib'
[34.597s] Level 1:colcon.colcon_core.environment:checking '/home/mihiro/chibarobo-2024/install/R1_undercarriage/bin'
[34.597s] Level 1:colcon.colcon_core.environment:checking '/home/mihiro/chibarobo-2024/install/R1_undercarriage/lib/pkgconfig/R1_undercarriage.pc'
[34.597s] Level 1:colcon.colcon_core.environment:checking '/home/mihiro/chibarobo-2024/install/R1_undercarriage/lib/python3.10/site-packages'
[34.597s] Level 1:colcon.colcon_core.environment:checking '/home/mihiro/chibarobo-2024/install/R1_undercarriage/bin'
[34.608s] INFO:colcon.colcon_core.shell:Creating package script '/home/mihiro/chibarobo-2024/install/R1_undercarriage/share/R1_undercarriage/package.ps1'
[34.608s] INFO:colcon.colcon_core.shell:Creating package descriptor '/home/mihiro/chibarobo-2024/install/R1_undercarriage/share/R1_undercarriage/package.dsv'
[34.609s] INFO:colcon.colcon_core.shell:Creating package script '/home/mihiro/chibarobo-2024/install/R1_undercarriage/share/R1_undercarriage/package.sh'
[34.609s] INFO:colcon.colcon_core.shell:Creating package script '/home/mihiro/chibarobo-2024/install/R1_undercarriage/share/R1_undercarriage/package.bash'
[34.609s] INFO:colcon.colcon_core.shell:Creating package script '/home/mihiro/chibarobo-2024/install/R1_undercarriage/share/R1_undercarriage/package.zsh'
[34.610s] Level 1:colcon.colcon_core.environment:create_file_with_runtime_dependencies(/home/mihiro/chibarobo-2024/install/R1_undercarriage/share/colcon-core/packages/R1_undercarriage)
[34.642s] Level 1:colcon.colcon_core.environment:create_environment_scripts_only(R1_undercarriage)
[34.653s] Level 1:colcon.colcon_core.environment:checking '/home/mihiro/chibarobo-2024/install/R1_undercarriage' for CMake module files
[34.653s] Level 1:colcon.colcon_core.environment:checking '/home/mihiro/chibarobo-2024/install/R1_undercarriage' for CMake config files
[34.653s] Level 1:colcon.colcon_core.shell:create_environment_hook('R1_undercarriage', 'cmake_prefix_path')
[34.663s] INFO:colcon.colcon_core.shell:Creating environment hook '/home/mihiro/chibarobo-2024/install/R1_undercarriage/share/R1_undercarriage/hook/cmake_prefix_path.ps1'
[34.663s] INFO:colcon.colcon_core.shell:Creating environment descriptor '/home/mihiro/chibarobo-2024/install/R1_undercarriage/share/R1_undercarriage/hook/cmake_prefix_path.dsv'
[34.664s] INFO:colcon.colcon_core.shell:Creating environment hook '/home/mihiro/chibarobo-2024/install/R1_undercarriage/share/R1_undercarriage/hook/cmake_prefix_path.sh'
[34.664s] Level 1:colcon.colcon_core.environment:checking '/home/mihiro/chibarobo-2024/install/R1_undercarriage/lib'
[34.664s] Level 1:colcon.colcon_core.environment:checking '/home/mihiro/chibarobo-2024/install/R1_undercarriage/bin'
[34.664s] Level 1:colcon.colcon_core.environment:checking '/home/mihiro/chibarobo-2024/install/R1_undercarriage/lib/pkgconfig/R1_undercarriage.pc'
[34.665s] Level 1:colcon.colcon_core.environment:checking '/home/mihiro/chibarobo-2024/install/R1_undercarriage/lib/python3.10/site-packages'
[34.665s] Level 1:colcon.colcon_core.environment:checking '/home/mihiro/chibarobo-2024/install/R1_undercarriage/bin'
[34.674s] INFO:colcon.colcon_core.shell:Creating package script '/home/mihiro/chibarobo-2024/install/R1_undercarriage/share/R1_undercarriage/package.ps1'
[34.675s] INFO:colcon.colcon_core.shell:Creating package descriptor '/home/mihiro/chibarobo-2024/install/R1_undercarriage/share/R1_undercarriage/package.dsv'
[34.676s] INFO:colcon.colcon_core.shell:Creating package script '/home/mihiro/chibarobo-2024/install/R1_undercarriage/share/R1_undercarriage/package.sh'
[34.676s] INFO:colcon.colcon_core.shell:Creating package script '/home/mihiro/chibarobo-2024/install/R1_undercarriage/share/R1_undercarriage/package.bash'
[34.676s] INFO:colcon.colcon_core.shell:Creating package script '/home/mihiro/chibarobo-2024/install/R1_undercarriage/share/R1_undercarriage/package.zsh'
[34.677s] Level 1:colcon.colcon_core.environment:create_file_with_runtime_dependencies(/home/mihiro/chibarobo-2024/install/R1_undercarriage/share/colcon-core/packages/R1_undercarriage)
[34.677s] DEBUG:colcon.colcon_parallel_executor.executor.parallel:closing loop
[34.678s] DEBUG:colcon.colcon_parallel_executor.executor.parallel:loop closed
[34.678s] DEBUG:colcon.colcon_parallel_executor.executor.parallel:run_until_complete finished with '0'
[34.678s] DEBUG:colcon.colcon_core.event_reactor:joining thread
[34.724s] INFO:colcon.colcon_core.plugin_system:Skipping extension 'colcon_notification.desktop_notification.notify_send': Could not find 'notify-send'
[34.725s] INFO:colcon.colcon_core.plugin_system:Skipping extension 'colcon_notification.desktop_notification.terminal_notifier': Not used on non-Darwin systems
[34.725s] INFO:colcon.colcon_core.plugin_system:Skipping extension 'colcon_notification.desktop_notification.win32': Not used on non-Windows systems
[34.725s] INFO:colcon.colcon_notification.desktop_notification:Sending desktop notification using 'notify2'
[34.725s] DEBUG:colcon.colcon_notification.desktop_notification.notify2:Failed to initialize notify2: org.freedesktop.DBus.Error.FileNotFound: Failed to connect to socket /run/user/1000/bus: No such file or directory
[34.725s] DEBUG:colcon.colcon_core.event_reactor:joined thread
[34.736s] INFO:colcon.colcon_core.shell:Creating prefix script '/home/mihiro/chibarobo-2024/install/local_setup.ps1'
[34.738s] INFO:colcon.colcon_core.shell:Creating prefix util module '/home/mihiro/chibarobo-2024/install/_local_setup_util_ps1.py'
[34.739s] INFO:colcon.colcon_core.shell:Creating prefix chain script '/home/mihiro/chibarobo-2024/install/setup.ps1'
[34.753s] INFO:colcon.colcon_core.shell:Creating prefix script '/home/mihiro/chibarobo-2024/install/local_setup.sh'
[34.754s] INFO:colcon.colcon_core.shell:Creating prefix util module '/home/mihiro/chibarobo-2024/install/_local_setup_util_sh.py'
[34.754s] INFO:colcon.colcon_core.shell:Creating prefix chain script '/home/mihiro/chibarobo-2024/install/setup.sh'
[34.776s] INFO:colcon.colcon_core.shell:Creating prefix script '/home/mihiro/chibarobo-2024/install/local_setup.bash'
[34.778s] INFO:colcon.colcon_core.shell:Creating prefix chain script '/home/mihiro/chibarobo-2024/install/setup.bash'
[34.790s] INFO:colcon.colcon_core.shell:Creating prefix script '/home/mihiro/chibarobo-2024/install/local_setup.zsh'
[34.791s] INFO:colcon.colcon_core.shell:Creating prefix chain script '/home/mihiro/chibarobo-2024/install/setup.zsh'
