[1.750s] DEBUG:colcon:Command line arguments: ['/usr/bin/colcon', 'build']
[1.750s] DEBUG:colcon:Parsed command line arguments: Namespace(log_base=None, log_level=None, verb_name='build', build_base='build', install_base='install', merge_install=False, symlink_install=False, test_result_base=None, continue_on_error=False, executor='parallel', parallel_workers=16, event_handlers=None, ignore_user_meta=False, metas=['./colcon.meta'], base_paths=['.'], packages_ignore=None, packages_ignore_regex=None, paths=None, packages_up_to=None, packages_up_to_regex=None, packages_above=None, packages_above_and_dependencies=None, packages_above_depth=None, packages_select_by_dep=None, packages_skip_by_dep=None, packages_skip_up_to=None, packages_select_build_failed=False, packages_skip_build_finished=False, packages_select_test_failures=False, packages_skip_test_passed=False, packages_select=None, packages_skip=None, packages_select_regex=None, packages_skip_regex=None, packages_start=None, packages_end=None, allow_overriding=[], cmake_args=None, cmake_target=None, cmake_target_skip_unavailable=False, cmake_clean_cache=False, cmake_clean_first=False, cmake_force_configure=False, ament_cmake_args=None, catkin_cmake_args=None, catkin_skip_building_tests=False, verb_parser=<colcon_defaults.argument_parser.defaults.DefaultArgumentsDecorator object at 0x7f36e3c0dc90>, verb_extension=<colcon_core.verb.build.BuildVerb object at 0x7f36e3bb3e50>, main=<bound method BuildVerb.main of <colcon_core.verb.build.BuildVerb object at 0x7f36e3bb3e50>>)
[1.897s] Level 1:colcon.colcon_core.package_discovery:discover_packages(colcon_meta) check parameters
[1.898s] Level 1:colcon.colcon_core.package_discovery:discover_packages(recursive) check parameters
[1.898s] Level 1:colcon.colcon_core.package_discovery:discover_packages(ignore) check parameters
[1.898s] Level 1:colcon.colcon_core.package_discovery:discover_packages(path) check parameters
[1.898s] Level 1:colcon.colcon_core.package_discovery:discover_packages(colcon_meta) discover
[1.898s] Level 1:colcon.colcon_core.package_discovery:discover_packages(recursive) discover
[1.898s] INFO:colcon.colcon_core.package_discovery:Crawling recursively for packages in '/home/mihiro/chibarobo-2024'
[1.898s] Level 1:colcon.colcon_core.package_identification:_identify(.) by extensions ['ignore', 'ignore_ament_install']
[1.898s] Level 1:colcon.colcon_core.package_identification:_identify(.) by extension 'ignore'
[1.899s] Level 1:colcon.colcon_core.package_identification:_identify(.) by extension 'ignore_ament_install'
[1.899s] Level 1:colcon.colcon_core.package_identification:_identify(.) by extensions ['colcon_pkg']
[1.899s] Level 1:colcon.colcon_core.package_identification:_identify(.) by extension 'colcon_pkg'
[1.899s] Level 1:colcon.colcon_core.package_identification:_identify(.) by extensions ['colcon_meta']
[1.899s] Level 1:colcon.colcon_core.package_identification:_identify(.) by extension 'colcon_meta'
[1.899s] Level 1:colcon.colcon_core.package_identification:_identify(.) by extensions ['ros']
[1.899s] Level 1:colcon.colcon_core.package_identification:_identify(.) by extension 'ros'
[1.925s] Level 1:colcon.colcon_core.package_identification:_identify(.) by extensions ['cmake', 'python']
[1.925s] Level 1:colcon.colcon_core.package_identification:_identify(.) by extension 'cmake'
[1.925s] Level 1:colcon.colcon_core.package_identification:_identify(.) by extension 'python'
[1.925s] Level 1:colcon.colcon_core.package_identification:_identify(.) by extensions ['python_setup_py']
[1.925s] Level 1:colcon.colcon_core.package_identification:_identify(.) by extension 'python_setup_py'
[1.925s] Level 1:colcon.colcon_core.package_identification:_identify(build) by extensions ['ignore', 'ignore_ament_install']
[1.925s] Level 1:colcon.colcon_core.package_identification:_identify(build) by extension 'ignore'
[1.926s] Level 1:colcon.colcon_core.package_identification:_identify(build) ignored
[1.926s] Level 1:colcon.colcon_core.package_identification:_identify(install) by extensions ['ignore', 'ignore_ament_install']
[1.926s] Level 1:colcon.colcon_core.package_identification:_identify(install) by extension 'ignore'
[1.926s] Level 1:colcon.colcon_core.package_identification:_identify(install) ignored
[1.926s] Level 1:colcon.colcon_core.package_identification:_identify(log) by extensions ['ignore', 'ignore_ament_install']
[1.926s] Level 1:colcon.colcon_core.package_identification:_identify(log) by extension 'ignore'
[1.926s] Level 1:colcon.colcon_core.package_identification:_identify(log) ignored
[1.927s] Level 1:colcon.colcon_core.package_identification:_identify(src) by extensions ['ignore', 'ignore_ament_install']
[1.927s] Level 1:colcon.colcon_core.package_identification:_identify(src) by extension 'ignore'
[1.927s] Level 1:colcon.colcon_core.package_identification:_identify(src) by extension 'ignore_ament_install'
[1.927s] Level 1:colcon.colcon_core.package_identification:_identify(src) by extensions ['colcon_pkg']
[1.927s] Level 1:colcon.colcon_core.package_identification:_identify(src) by extension 'colcon_pkg'
[1.927s] Level 1:colcon.colcon_core.package_identification:_identify(src) by extensions ['colcon_meta']
[1.927s] Level 1:colcon.colcon_core.package_identification:_identify(src) by extension 'colcon_meta'
[1.927s] Level 1:colcon.colcon_core.package_identification:_identify(src) by extensions ['ros']
[1.927s] Level 1:colcon.colcon_core.package_identification:_identify(src) by extension 'ros'
[1.927s] Level 1:colcon.colcon_core.package_identification:_identify(src) by extensions ['cmake', 'python']
[1.927s] Level 1:colcon.colcon_core.package_identification:_identify(src) by extension 'cmake'
[1.927s] Level 1:colcon.colcon_core.package_identification:_identify(src) by extension 'python'
[1.927s] Level 1:colcon.colcon_core.package_identification:_identify(src) by extensions ['python_setup_py']
[1.928s] Level 1:colcon.colcon_core.package_identification:_identify(src) by extension 'python_setup_py'
[1.928s] Level 1:colcon.colcon_core.package_identification:_identify(src/R1_undercarriage) by extensions ['ignore', 'ignore_ament_install']
[1.928s] Level 1:colcon.colcon_core.package_identification:_identify(src/R1_undercarriage) by extension 'ignore'
[1.928s] Level 1:colcon.colcon_core.package_identification:_identify(src/R1_undercarriage) by extension 'ignore_ament_install'
[1.928s] Level 1:colcon.colcon_core.package_identification:_identify(src/R1_undercarriage) by extensions ['colcon_pkg']
[1.928s] Level 1:colcon.colcon_core.package_identification:_identify(src/R1_undercarriage) by extension 'colcon_pkg'
[1.928s] Level 1:colcon.colcon_core.package_identification:_identify(src/R1_undercarriage) by extensions ['colcon_meta']
[1.928s] Level 1:colcon.colcon_core.package_identification:_identify(src/R1_undercarriage) by extension 'colcon_meta'
[1.928s] Level 1:colcon.colcon_core.package_identification:_identify(src/R1_undercarriage) by extensions ['ros']
[1.928s] Level 1:colcon.colcon_core.package_identification:_identify(src/R1_undercarriage) by extension 'ros'
[1.934s] DEBUG:colcon.colcon_core.package_identification:Package 'src/R1_undercarriage' with type 'ros.ament_cmake' and name 'R1_undercarriage'
[1.934s] Level 1:colcon.colcon_core.package_identification:_identify(src/robomas_plugins) by extensions ['ignore', 'ignore_ament_install']
[1.934s] Level 1:colcon.colcon_core.package_identification:_identify(src/robomas_plugins) by extension 'ignore'
[1.935s] Level 1:colcon.colcon_core.package_identification:_identify(src/robomas_plugins) by extension 'ignore_ament_install'
[1.935s] Level 1:colcon.colcon_core.package_identification:_identify(src/robomas_plugins) by extensions ['colcon_pkg']
[1.935s] Level 1:colcon.colcon_core.package_identification:_identify(src/robomas_plugins) by extension 'colcon_pkg'
[1.935s] Level 1:colcon.colcon_core.package_identification:_identify(src/robomas_plugins) by extensions ['colcon_meta']
[1.935s] Level 1:colcon.colcon_core.package_identification:_identify(src/robomas_plugins) by extension 'colcon_meta'
[1.935s] Level 1:colcon.colcon_core.package_identification:_identify(src/robomas_plugins) by extensions ['ros']
[1.935s] Level 1:colcon.colcon_core.package_identification:_identify(src/robomas_plugins) by extension 'ros'
[1.937s] DEBUG:colcon.colcon_core.package_identification:Package 'src/robomas_plugins' with type 'ros.ament_cmake' and name 'robomas_plugins'
[1.937s] Level 1:colcon.colcon_core.package_discovery:discover_packages(recursive) using defaults
[1.937s] Level 1:colcon.colcon_core.package_discovery:discover_packages(ignore) discover
[1.937s] Level 1:colcon.colcon_core.package_discovery:discover_packages(ignore) using defaults
[1.937s] Level 1:colcon.colcon_core.package_discovery:discover_packages(path) discover
[1.937s] Level 1:colcon.colcon_core.package_discovery:discover_packages(path) using defaults
[2.084s] Level 1:colcon.colcon_core.package_discovery:discover_packages(prefix_path) check parameters
[2.085s] Level 1:colcon.colcon_core.package_discovery:discover_packages(prefix_path) discover
[2.120s] DEBUG:colcon.colcon_installed_package_information.package_discovery:Found 276 installed packages in /opt/ros/humble
[2.122s] Level 1:colcon.colcon_core.package_discovery:discover_packages(prefix_path) using defaults
[2.242s] Level 5:colcon.colcon_core.verb:set package 'robomas_plugins' build argument 'cmake_args' from command line to 'None'
[2.242s] Level 5:colcon.colcon_core.verb:set package 'robomas_plugins' build argument 'cmake_target' from command line to 'None'
[2.242s] Level 5:colcon.colcon_core.verb:set package 'robomas_plugins' build argument 'cmake_target_skip_unavailable' from command line to 'False'
[2.242s] Level 5:colcon.colcon_core.verb:set package 'robomas_plugins' build argument 'cmake_clean_cache' from command line to 'False'
[2.242s] Level 5:colcon.colcon_core.verb:set package 'robomas_plugins' build argument 'cmake_clean_first' from command line to 'False'
[2.242s] Level 5:colcon.colcon_core.verb:set package 'robomas_plugins' build argument 'cmake_force_configure' from command line to 'False'
[2.242s] Level 5:colcon.colcon_core.verb:set package 'robomas_plugins' build argument 'ament_cmake_args' from command line to 'None'
[2.242s] Level 5:colcon.colcon_core.verb:set package 'robomas_plugins' build argument 'catkin_cmake_args' from command line to 'None'
[2.243s] Level 5:colcon.colcon_core.verb:set package 'robomas_plugins' build argument 'catkin_skip_building_tests' from command line to 'False'
[2.243s] DEBUG:colcon.colcon_core.verb:Building package 'robomas_plugins' with the following arguments: {'ament_cmake_args': None, 'build_base': '/home/mihiro/chibarobo-2024/build/robomas_plugins', 'catkin_cmake_args': None, 'catkin_skip_building_tests': False, 'cmake_args': None, 'cmake_clean_cache': False, 'cmake_clean_first': False, 'cmake_force_configure': False, 'cmake_target': None, 'cmake_target_skip_unavailable': False, 'install_base': '/home/mihiro/chibarobo-2024/install/robomas_plugins', 'merge_install': False, 'path': '/home/mihiro/chibarobo-2024/src/robomas_plugins', 'symlink_install': False, 'test_result_base': None}
[2.258s] Level 5:colcon.colcon_core.verb:set package 'R1_undercarriage' build argument 'cmake_args' from command line to 'None'
[2.258s] Level 5:colcon.colcon_core.verb:set package 'R1_undercarriage' build argument 'cmake_target' from command line to 'None'
[2.258s] Level 5:colcon.colcon_core.verb:set package 'R1_undercarriage' build argument 'cmake_target_skip_unavailable' from command line to 'False'
[2.258s] Level 5:colcon.colcon_core.verb:set package 'R1_undercarriage' build argument 'cmake_clean_cache' from command line to 'False'
[2.258s] Level 5:colcon.colcon_core.verb:set package 'R1_undercarriage' build argument 'cmake_clean_first' from command line to 'False'
[2.258s] Level 5:colcon.colcon_core.verb:set package 'R1_undercarriage' build argument 'cmake_force_configure' from command line to 'False'
[2.258s] Level 5:colcon.colcon_core.verb:set package 'R1_undercarriage' build argument 'ament_cmake_args' from command line to 'None'
[2.258s] Level 5:colcon.colcon_core.verb:set package 'R1_undercarriage' build argument 'catkin_cmake_args' from command line to 'None'
[2.258s] Level 5:colcon.colcon_core.verb:set package 'R1_undercarriage' build argument 'catkin_skip_building_tests' from command line to 'False'
[2.258s] DEBUG:colcon.colcon_core.verb:Building package 'R1_undercarriage' with the following arguments: {'ament_cmake_args': None, 'build_base': '/home/mihiro/chibarobo-2024/build/R1_undercarriage', 'catkin_cmake_args': None, 'catkin_skip_building_tests': False, 'cmake_args': None, 'cmake_clean_cache': False, 'cmake_clean_first': False, 'cmake_force_configure': False, 'cmake_target': None, 'cmake_target_skip_unavailable': False, 'install_base': '/home/mihiro/chibarobo-2024/install/R1_undercarriage', 'merge_install': False, 'path': '/home/mihiro/chibarobo-2024/src/R1_undercarriage', 'symlink_install': False, 'test_result_base': None}
[2.274s] INFO:colcon.colcon_core.executor:Executing jobs using 'parallel' executor
[2.291s] DEBUG:colcon.colcon_parallel_executor.executor.parallel:run_until_complete
[2.291s] INFO:colcon.colcon_ros.task.ament_cmake.build:Building ROS package in '/home/mihiro/chibarobo-2024/src/robomas_plugins' with build type 'ament_cmake'
[2.292s] INFO:colcon.colcon_cmake.task.cmake.build:Building CMake package in '/home/mihiro/chibarobo-2024/src/robomas_plugins'
[2.334s] INFO:colcon.colcon_core.plugin_system:Skipping extension 'colcon_core.shell.bat': Not used on non-Windows systems
[2.334s] INFO:colcon.colcon_core.shell:Skip shell extension 'powershell' for command environment: Not usable outside of PowerShell
[2.334s] DEBUG:colcon.colcon_core.shell:Skip shell extension 'dsv' for command environment
[2.390s] DEBUG:colcon.colcon_core.event_handler.log_command:Invoking command in '/home/mihiro/chibarobo-2024/build/robomas_plugins': CMAKE_PREFIX_PATH=/opt/ros/humble /usr/bin/cmake --build /home/mihiro/chibarobo-2024/build/robomas_plugins -- -j16 -l16
[3.239s] DEBUG:colcon.colcon_core.event_handler.log_command:Invoked command in '/home/mihiro/chibarobo-2024/build/robomas_plugins' returned '0': CMAKE_PREFIX_PATH=/opt/ros/humble /usr/bin/cmake --build /home/mihiro/chibarobo-2024/build/robomas_plugins -- -j16 -l16
[3.500s] DEBUG:colcon.colcon_core.event_handler.log_command:Invoking command in '/home/mihiro/chibarobo-2024/build/robomas_plugins': CMAKE_PREFIX_PATH=/opt/ros/humble /usr/bin/cmake --install /home/mihiro/chibarobo-2024/build/robomas_plugins
[3.697s] Level 1:colcon.colcon_core.environment:create_environment_scripts_only(robomas_plugins)
[3.699s] DEBUG:colcon.colcon_core.event_handler.log_command:Invoked command in '/home/mihiro/chibarobo-2024/build/robomas_plugins' returned '0': CMAKE_PREFIX_PATH=/opt/ros/humble /usr/bin/cmake --install /home/mihiro/chibarobo-2024/build/robomas_plugins
[3.739s] Level 1:colcon.colcon_core.environment:checking '/home/mihiro/chibarobo-2024/install/robomas_plugins' for CMake module files
[3.741s] Level 1:colcon.colcon_core.environment:checking '/home/mihiro/chibarobo-2024/install/robomas_plugins' for CMake config files
[3.742s] Level 1:colcon.colcon_core.shell:create_environment_hook('robomas_plugins', 'cmake_prefix_path')
[3.760s] INFO:colcon.colcon_core.shell:Creating environment hook '/home/mihiro/chibarobo-2024/install/robomas_plugins/share/robomas_plugins/hook/cmake_prefix_path.ps1'
[3.763s] INFO:colcon.colcon_core.shell:Creating environment descriptor '/home/mihiro/chibarobo-2024/install/robomas_plugins/share/robomas_plugins/hook/cmake_prefix_path.dsv'
[3.765s] INFO:colcon.colcon_core.shell:Creating environment hook '/home/mihiro/chibarobo-2024/install/robomas_plugins/share/robomas_plugins/hook/cmake_prefix_path.sh'
[3.768s] Level 1:colcon.colcon_core.environment:checking '/home/mihiro/chibarobo-2024/install/robomas_plugins/lib'
[3.768s] Level 1:colcon.colcon_core.shell:create_environment_hook('robomas_plugins', 'ld_library_path_lib')
[3.789s] INFO:colcon.colcon_core.shell:Creating environment hook '/home/mihiro/chibarobo-2024/install/robomas_plugins/share/robomas_plugins/hook/ld_library_path_lib.ps1'
[3.790s] INFO:colcon.colcon_core.shell:Creating environment descriptor '/home/mihiro/chibarobo-2024/install/robomas_plugins/share/robomas_plugins/hook/ld_library_path_lib.dsv'
[3.791s] INFO:colcon.colcon_core.shell:Creating environment hook '/home/mihiro/chibarobo-2024/install/robomas_plugins/share/robomas_plugins/hook/ld_library_path_lib.sh'
[3.791s] Level 1:colcon.colcon_core.environment:checking '/home/mihiro/chibarobo-2024/install/robomas_plugins/bin'
[3.792s] Level 1:colcon.colcon_core.environment:checking '/home/mihiro/chibarobo-2024/install/robomas_plugins/lib/pkgconfig/robomas_plugins.pc'
[3.792s] Level 1:colcon.colcon_core.environment:checking '/home/mihiro/chibarobo-2024/install/robomas_plugins/lib/python3.10/site-packages'
[3.793s] Level 1:colcon.colcon_core.environment:checking '/home/mihiro/chibarobo-2024/install/robomas_plugins/bin'
[3.810s] INFO:colcon.colcon_core.shell:Creating package script '/home/mihiro/chibarobo-2024/install/robomas_plugins/share/robomas_plugins/package.ps1'
[3.814s] INFO:colcon.colcon_core.shell:Creating package descriptor '/home/mihiro/chibarobo-2024/install/robomas_plugins/share/robomas_plugins/package.dsv'
[3.816s] INFO:colcon.colcon_core.shell:Creating package script '/home/mihiro/chibarobo-2024/install/robomas_plugins/share/robomas_plugins/package.sh'
[3.820s] INFO:colcon.colcon_core.shell:Creating package script '/home/mihiro/chibarobo-2024/install/robomas_plugins/share/robomas_plugins/package.bash'
[3.822s] INFO:colcon.colcon_core.shell:Creating package script '/home/mihiro/chibarobo-2024/install/robomas_plugins/share/robomas_plugins/package.zsh'
[3.826s] Level 1:colcon.colcon_core.environment:create_file_with_runtime_dependencies(/home/mihiro/chibarobo-2024/install/robomas_plugins/share/colcon-core/packages/robomas_plugins)
[4.061s] Level 1:colcon.colcon_core.environment:create_environment_scripts_only(robomas_plugins)
[4.078s] Level 1:colcon.colcon_core.environment:checking '/home/mihiro/chibarobo-2024/install/robomas_plugins' for CMake module files
[4.079s] Level 1:colcon.colcon_core.environment:checking '/home/mihiro/chibarobo-2024/install/robomas_plugins' for CMake config files
[4.080s] Level 1:colcon.colcon_core.shell:create_environment_hook('robomas_plugins', 'cmake_prefix_path')
[4.096s] INFO:colcon.colcon_core.shell:Creating environment hook '/home/mihiro/chibarobo-2024/install/robomas_plugins/share/robomas_plugins/hook/cmake_prefix_path.ps1'
[4.097s] INFO:colcon.colcon_core.shell:Creating environment descriptor '/home/mihiro/chibarobo-2024/install/robomas_plugins/share/robomas_plugins/hook/cmake_prefix_path.dsv'
[4.098s] INFO:colcon.colcon_core.shell:Creating environment hook '/home/mihiro/chibarobo-2024/install/robomas_plugins/share/robomas_plugins/hook/cmake_prefix_path.sh'
[4.098s] Level 1:colcon.colcon_core.environment:checking '/home/mihiro/chibarobo-2024/install/robomas_plugins/lib'
[4.099s] Level 1:colcon.colcon_core.shell:create_environment_hook('robomas_plugins', 'ld_library_path_lib')
[4.114s] INFO:colcon.colcon_core.shell:Creating environment hook '/home/mihiro/chibarobo-2024/install/robomas_plugins/share/robomas_plugins/hook/ld_library_path_lib.ps1'
[4.115s] INFO:colcon.colcon_core.shell:Creating environment descriptor '/home/mihiro/chibarobo-2024/install/robomas_plugins/share/robomas_plugins/hook/ld_library_path_lib.dsv'
[4.116s] INFO:colcon.colcon_core.shell:Creating environment hook '/home/mihiro/chibarobo-2024/install/robomas_plugins/share/robomas_plugins/hook/ld_library_path_lib.sh'
[4.116s] Level 1:colcon.colcon_core.environment:checking '/home/mihiro/chibarobo-2024/install/robomas_plugins/bin'
[4.116s] Level 1:colcon.colcon_core.environment:checking '/home/mihiro/chibarobo-2024/install/robomas_plugins/lib/pkgconfig/robomas_plugins.pc'
[4.117s] Level 1:colcon.colcon_core.environment:checking '/home/mihiro/chibarobo-2024/install/robomas_plugins/lib/python3.10/site-packages'
[4.117s] Level 1:colcon.colcon_core.environment:checking '/home/mihiro/chibarobo-2024/install/robomas_plugins/bin'
[4.136s] INFO:colcon.colcon_core.shell:Creating package script '/home/mihiro/chibarobo-2024/install/robomas_plugins/share/robomas_plugins/package.ps1'
[4.138s] INFO:colcon.colcon_core.shell:Creating package descriptor '/home/mihiro/chibarobo-2024/install/robomas_plugins/share/robomas_plugins/package.dsv'
[4.139s] INFO:colcon.colcon_core.shell:Creating package script '/home/mihiro/chibarobo-2024/install/robomas_plugins/share/robomas_plugins/package.sh'
[4.140s] INFO:colcon.colcon_core.shell:Creating package script '/home/mihiro/chibarobo-2024/install/robomas_plugins/share/robomas_plugins/package.bash'
[4.141s] INFO:colcon.colcon_core.shell:Creating package script '/home/mihiro/chibarobo-2024/install/robomas_plugins/share/robomas_plugins/package.zsh'
[4.141s] Level 1:colcon.colcon_core.environment:create_file_with_runtime_dependencies(/home/mihiro/chibarobo-2024/install/robomas_plugins/share/colcon-core/packages/robomas_plugins)
[4.142s] INFO:colcon.colcon_ros.task.ament_cmake.build:Building ROS package in '/home/mihiro/chibarobo-2024/src/R1_undercarriage' with build type 'ament_cmake'
[4.144s] INFO:colcon.colcon_cmake.task.cmake.build:Building CMake package in '/home/mihiro/chibarobo-2024/src/R1_undercarriage'
[4.170s] INFO:colcon.colcon_core.shell:Skip shell extension 'powershell' for command environment: Not usable outside of PowerShell
[4.170s] DEBUG:colcon.colcon_core.shell:Skip shell extension 'dsv' for command environment
[4.389s] DEBUG:colcon.colcon_core.event_handler.log_command:Invoking command in '/home/mihiro/chibarobo-2024/build/R1_undercarriage': AMENT_PREFIX_PATH=/home/mihiro/chibarobo-2024/install/robomas_plugins:${AMENT_PREFIX_PATH} CMAKE_PREFIX_PATH=/home/mihiro/chibarobo-2024/install/robomas_plugins:/opt/ros/humble LD_LIBRARY_PATH=/home/mihiro/chibarobo-2024/install/robomas_plugins/lib:${LD_LIBRARY_PATH} PYTHONPATH=/home/mihiro/chibarobo-2024/install/robomas_plugins/local/lib/python3.10/dist-packages:${PYTHONPATH} /usr/bin/cmake --build /home/mihiro/chibarobo-2024/build/R1_undercarriage -- -j16 -l16
[4.512s] DEBUG:colcon.colcon_core.event_handler.log_command:Invoked command in '/home/mihiro/chibarobo-2024/build/R1_undercarriage' returned '0': AMENT_PREFIX_PATH=/home/mihiro/chibarobo-2024/install/robomas_plugins:${AMENT_PREFIX_PATH} CMAKE_PREFIX_PATH=/home/mihiro/chibarobo-2024/install/robomas_plugins:/opt/ros/humble LD_LIBRARY_PATH=/home/mihiro/chibarobo-2024/install/robomas_plugins/lib:${LD_LIBRARY_PATH} PYTHONPATH=/home/mihiro/chibarobo-2024/install/robomas_plugins/local/lib/python3.10/dist-packages:${PYTHONPATH} /usr/bin/cmake --build /home/mihiro/chibarobo-2024/build/R1_undercarriage -- -j16 -l16
[4.563s] DEBUG:colcon.colcon_core.event_handler.log_command:Invoking command in '/home/mihiro/chibarobo-2024/build/R1_undercarriage': AMENT_PREFIX_PATH=/home/mihiro/chibarobo-2024/install/robomas_plugins:${AMENT_PREFIX_PATH} CMAKE_PREFIX_PATH=/home/mihiro/chibarobo-2024/install/robomas_plugins:/opt/ros/humble LD_LIBRARY_PATH=/home/mihiro/chibarobo-2024/install/robomas_plugins/lib:${LD_LIBRARY_PATH} PYTHONPATH=/home/mihiro/chibarobo-2024/install/robomas_plugins/local/lib/python3.10/dist-packages:${PYTHONPATH} /usr/bin/cmake --install /home/mihiro/chibarobo-2024/build/R1_undercarriage
[4.589s] Level 1:colcon.colcon_core.environment:create_environment_scripts_only(R1_undercarriage)
[4.594s] DEBUG:colcon.colcon_core.event_handler.log_command:Invoked command in '/home/mihiro/chibarobo-2024/build/R1_undercarriage' returned '0': AMENT_PREFIX_PATH=/home/mihiro/chibarobo-2024/install/robomas_plugins:${AMENT_PREFIX_PATH} CMAKE_PREFIX_PATH=/home/mihiro/chibarobo-2024/install/robomas_plugins:/opt/ros/humble LD_LIBRARY_PATH=/home/mihiro/chibarobo-2024/install/robomas_plugins/lib:${LD_LIBRARY_PATH} PYTHONPATH=/home/mihiro/chibarobo-2024/install/robomas_plugins/local/lib/python3.10/dist-packages:${PYTHONPATH} /usr/bin/cmake --install /home/mihiro/chibarobo-2024/build/R1_undercarriage
[4.606s] Level 1:colcon.colcon_core.environment:checking '/home/mihiro/chibarobo-2024/install/R1_undercarriage' for CMake module files
[4.607s] Level 1:colcon.colcon_core.environment:checking '/home/mihiro/chibarobo-2024/install/R1_undercarriage' for CMake config files
[4.607s] Level 1:colcon.colcon_core.shell:create_environment_hook('R1_undercarriage', 'cmake_prefix_path')
[4.628s] INFO:colcon.colcon_core.shell:Creating environment hook '/home/mihiro/chibarobo-2024/install/R1_undercarriage/share/R1_undercarriage/hook/cmake_prefix_path.ps1'
[4.629s] INFO:colcon.colcon_core.shell:Creating environment descriptor '/home/mihiro/chibarobo-2024/install/R1_undercarriage/share/R1_undercarriage/hook/cmake_prefix_path.dsv'
[4.630s] INFO:colcon.colcon_core.shell:Creating environment hook '/home/mihiro/chibarobo-2024/install/R1_undercarriage/share/R1_undercarriage/hook/cmake_prefix_path.sh'
[4.631s] Level 1:colcon.colcon_core.environment:checking '/home/mihiro/chibarobo-2024/install/R1_undercarriage/lib'
[4.631s] Level 1:colcon.colcon_core.environment:checking '/home/mihiro/chibarobo-2024/install/R1_undercarriage/bin'
[4.631s] Level 1:colcon.colcon_core.environment:checking '/home/mihiro/chibarobo-2024/install/R1_undercarriage/lib/pkgconfig/R1_undercarriage.pc'
[4.631s] Level 1:colcon.colcon_core.environment:checking '/home/mihiro/chibarobo-2024/install/R1_undercarriage/lib/python3.10/site-packages'
[4.632s] Level 1:colcon.colcon_core.environment:checking '/home/mihiro/chibarobo-2024/install/R1_undercarriage/bin'
[4.650s] INFO:colcon.colcon_core.shell:Creating package script '/home/mihiro/chibarobo-2024/install/R1_undercarriage/share/R1_undercarriage/package.ps1'
[4.651s] INFO:colcon.colcon_core.shell:Creating package descriptor '/home/mihiro/chibarobo-2024/install/R1_undercarriage/share/R1_undercarriage/package.dsv'
[4.652s] INFO:colcon.colcon_core.shell:Creating package script '/home/mihiro/chibarobo-2024/install/R1_undercarriage/share/R1_undercarriage/package.sh'
[4.653s] INFO:colcon.colcon_core.shell:Creating package script '/home/mihiro/chibarobo-2024/install/R1_undercarriage/share/R1_undercarriage/package.bash'
[4.654s] INFO:colcon.colcon_core.shell:Creating package script '/home/mihiro/chibarobo-2024/install/R1_undercarriage/share/R1_undercarriage/package.zsh'
[4.655s] Level 1:colcon.colcon_core.environment:create_file_with_runtime_dependencies(/home/mihiro/chibarobo-2024/install/R1_undercarriage/share/colcon-core/packages/R1_undercarriage)
[4.716s] Level 1:colcon.colcon_core.environment:create_environment_scripts_only(R1_undercarriage)
[4.735s] Level 1:colcon.colcon_core.environment:checking '/home/mihiro/chibarobo-2024/install/R1_undercarriage' for CMake module files
[4.735s] Level 1:colcon.colcon_core.environment:checking '/home/mihiro/chibarobo-2024/install/R1_undercarriage' for CMake config files
[4.736s] Level 1:colcon.colcon_core.shell:create_environment_hook('R1_undercarriage', 'cmake_prefix_path')
[4.755s] INFO:colcon.colcon_core.shell:Creating environment hook '/home/mihiro/chibarobo-2024/install/R1_undercarriage/share/R1_undercarriage/hook/cmake_prefix_path.ps1'
[4.756s] INFO:colcon.colcon_core.shell:Creating environment descriptor '/home/mihiro/chibarobo-2024/install/R1_undercarriage/share/R1_undercarriage/hook/cmake_prefix_path.dsv'
[4.757s] INFO:colcon.colcon_core.shell:Creating environment hook '/home/mihiro/chibarobo-2024/install/R1_undercarriage/share/R1_undercarriage/hook/cmake_prefix_path.sh'
[4.761s] Level 1:colcon.colcon_core.environment:checking '/home/mihiro/chibarobo-2024/install/R1_undercarriage/lib'
[4.761s] Level 1:colcon.colcon_core.environment:checking '/home/mihiro/chibarobo-2024/install/R1_undercarriage/bin'
[4.761s] Level 1:colcon.colcon_core.environment:checking '/home/mihiro/chibarobo-2024/install/R1_undercarriage/lib/pkgconfig/R1_undercarriage.pc'
[4.762s] Level 1:colcon.colcon_core.environment:checking '/home/mihiro/chibarobo-2024/install/R1_undercarriage/lib/python3.10/site-packages'
[4.763s] Level 1:colcon.colcon_core.environment:checking '/home/mihiro/chibarobo-2024/install/R1_undercarriage/bin'
[4.780s] INFO:colcon.colcon_core.shell:Creating package script '/home/mihiro/chibarobo-2024/install/R1_undercarriage/share/R1_undercarriage/package.ps1'
[4.781s] INFO:colcon.colcon_core.shell:Creating package descriptor '/home/mihiro/chibarobo-2024/install/R1_undercarriage/share/R1_undercarriage/package.dsv'
[4.782s] INFO:colcon.colcon_core.shell:Creating package script '/home/mihiro/chibarobo-2024/install/R1_undercarriage/share/R1_undercarriage/package.sh'
[4.783s] INFO:colcon.colcon_core.shell:Creating package script '/home/mihiro/chibarobo-2024/install/R1_undercarriage/share/R1_undercarriage/package.bash'
[4.783s] INFO:colcon.colcon_core.shell:Creating package script '/home/mihiro/chibarobo-2024/install/R1_undercarriage/share/R1_undercarriage/package.zsh'
[4.784s] Level 1:colcon.colcon_core.environment:create_file_with_runtime_dependencies(/home/mihiro/chibarobo-2024/install/R1_undercarriage/share/colcon-core/packages/R1_undercarriage)
[4.785s] DEBUG:colcon.colcon_parallel_executor.executor.parallel:closing loop
[4.785s] DEBUG:colcon.colcon_parallel_executor.executor.parallel:loop closed
[4.785s] DEBUG:colcon.colcon_parallel_executor.executor.parallel:run_until_complete finished with '0'
[4.788s] DEBUG:colcon.colcon_core.event_reactor:joining thread
[4.887s] INFO:colcon.colcon_core.plugin_system:Skipping extension 'colcon_notification.desktop_notification.notify_send': Could not find 'notify-send'
[4.888s] INFO:colcon.colcon_core.plugin_system:Skipping extension 'colcon_notification.desktop_notification.terminal_notifier': Not used on non-Darwin systems
[4.888s] INFO:colcon.colcon_core.plugin_system:Skipping extension 'colcon_notification.desktop_notification.win32': Not used on non-Windows systems
[4.888s] INFO:colcon.colcon_notification.desktop_notification:Sending desktop notification using 'notify2'
[4.888s] DEBUG:colcon.colcon_notification.desktop_notification.notify2:Failed to initialize notify2: org.freedesktop.DBus.Error.FileNotFound: Failed to connect to socket /run/user/1000/bus: No such file or directory
[4.889s] DEBUG:colcon.colcon_core.event_reactor:joined thread
[4.902s] INFO:colcon.colcon_core.shell:Creating prefix script '/home/mihiro/chibarobo-2024/install/local_setup.ps1'
[4.903s] INFO:colcon.colcon_core.shell:Creating prefix util module '/home/mihiro/chibarobo-2024/install/_local_setup_util_ps1.py'
[4.907s] INFO:colcon.colcon_core.shell:Creating prefix chain script '/home/mihiro/chibarobo-2024/install/setup.ps1'
[4.928s] INFO:colcon.colcon_core.shell:Creating prefix script '/home/mihiro/chibarobo-2024/install/local_setup.sh'
[4.930s] INFO:colcon.colcon_core.shell:Creating prefix util module '/home/mihiro/chibarobo-2024/install/_local_setup_util_sh.py'
[4.931s] INFO:colcon.colcon_core.shell:Creating prefix chain script '/home/mihiro/chibarobo-2024/install/setup.sh'
[4.948s] INFO:colcon.colcon_core.shell:Creating prefix script '/home/mihiro/chibarobo-2024/install/local_setup.bash'
[4.949s] INFO:colcon.colcon_core.shell:Creating prefix chain script '/home/mihiro/chibarobo-2024/install/setup.bash'
[4.983s] INFO:colcon.colcon_core.shell:Creating prefix script '/home/mihiro/chibarobo-2024/install/local_setup.zsh'
[4.985s] INFO:colcon.colcon_core.shell:Creating prefix chain script '/home/mihiro/chibarobo-2024/install/setup.zsh'
